Using pre-set license
Built from '2021.3/staging' branch; Version is '2021.3.11f1 (0a5ca18544bf) revision 679073'; Using compiler version '192829333'; Build Type 'Release'
OS: 'Windows 10  (10.0.19044) 64bit Core' Language: 'en' Physical Memory: 32686 MB
BatchMode: 1, IsHumanControllingUs: 0, StartBugReporterOnCrash: 0, Is64bit: 1, IsPro: 1

COMMAND LINE ARGUMENTS:
C:\Program Files\Unity\Hub\Editor\2021.3.11f1\Editor\Unity.exe
-adb2
-batchMode
-noUpm
-name
AssetImportWorker1
-projectPath
E:/Unity_Projects_E/CMPM_121/HW1
-logFile
Logs/AssetImportWorker1.log
-srvPort
61111
Successfully changed project path to: E:/Unity_Projects_E/CMPM_121/HW1
E:/Unity_Projects_E/CMPM_121/HW1
[UnityMemory] Configuration Parameters - Can be set up in boot.config
    "memorysetup-bucket-allocator-granularity=16"
    "memorysetup-bucket-allocator-bucket-count=8"
    "memorysetup-bucket-allocator-block-size=33554432"
    "memorysetup-bucket-allocator-block-count=8"
    "memorysetup-main-allocator-block-size=16777216"
    "memorysetup-thread-allocator-block-size=16777216"
    "memorysetup-gfx-main-allocator-block-size=16777216"
    "memorysetup-gfx-thread-allocator-block-size=16777216"
    "memorysetup-cache-allocator-block-size=4194304"
    "memorysetup-typetree-allocator-block-size=2097152"
    "memorysetup-profiler-bucket-allocator-granularity=16"
    "memorysetup-profiler-bucket-allocator-bucket-count=8"
    "memorysetup-profiler-bucket-allocator-block-size=33554432"
    "memorysetup-profiler-bucket-allocator-block-count=8"
    "memorysetup-profiler-allocator-block-size=16777216"
    "memorysetup-profiler-editor-allocator-block-size=1048576"
    "memorysetup-temp-allocator-size-main=16777216"
    "memorysetup-job-temp-allocator-block-size=2097152"
    "memorysetup-job-temp-allocator-block-size-background=1048576"
    "memorysetup-job-temp-allocator-reduction-small-platforms=262144"
    "memorysetup-temp-allocator-size-background-worker=32768"
    "memorysetup-temp-allocator-size-job-worker=262144"
    "memorysetup-temp-allocator-size-preload-manager=33554432"
    "memorysetup-temp-allocator-size-nav-mesh-worker=65536"
    "memorysetup-temp-allocator-size-audio-worker=65536"
    "memorysetup-temp-allocator-size-cloud-worker=32768"
    "memorysetup-temp-allocator-size-gi-baking-worker=262144"
    "memorysetup-temp-allocator-size-gfx=262144"
Refreshing native plugins compatible for Editor in 101.28 ms, found 3 plugins.
Preloading 0 native plugins for Editor in 0.00 ms.
Initialize engine version: 2021.3.11f1 (0a5ca18544bf)
[Subsystems] Discovering subsystems at path C:/Program Files/Unity/Hub/Editor/2021.3.11f1/Editor/Data/Resources/UnitySubsystems
[Subsystems] Discovering subsystems at path E:/Unity_Projects_E/CMPM_121/HW1/Assets
GfxDevice: creating device client; threaded=0; jobified=0
Direct3D:
    Version:  Direct3D 11.0 [level 11.1]
    Renderer: NVIDIA GeForce RTX 3090 (ID=0x2204)
    Vendor:   NVIDIA
    VRAM:     24348 MB
    Driver:   30.0.15.1215
Initialize mono
Mono path[0] = 'C:/Program Files/Unity/Hub/Editor/2021.3.11f1/Editor/Data/Managed'
Mono path[1] = 'C:/Program Files/Unity/Hub/Editor/2021.3.11f1/Editor/Data/MonoBleedingEdge/lib/mono/unityjit-win32'
Mono config path = 'C:/Program Files/Unity/Hub/Editor/2021.3.11f1/Editor/Data/MonoBleedingEdge/etc'
Using monoOptions --debugger-agent=transport=dt_socket,embedding=1,server=y,suspend=n,address=127.0.0.1:56424
Begin MonoManager ReloadAssembly
Registering precompiled unity dll's ...
Register platform support module: C:/Program Files/Unity/Hub/Editor/2021.3.11f1/Editor/Data/PlaybackEngines/WebGLSupport/UnityEditor.WebGL.Extensions.dll
Register platform support module: C:/Program Files/Unity/Hub/Editor/2021.3.11f1/Editor/Data/PlaybackEngines/WindowsStandaloneSupport/UnityEditor.WindowsStandalone.Extensions.dll
Registered in 0.007871 seconds.
Native extension for WindowsStandalone target not found
Native extension for WebGL target not found
Refreshing native plugins compatible for Editor in 102.28 ms, found 3 plugins.
Preloading 0 native plugins for Editor in 0.00 ms.
Mono: successfully reloaded assembly
- Completed reload, in  0.662 seconds
Domain Reload Profiling:
	ReloadAssembly (663ms)
		BeginReloadAssembly (74ms)
			ExecutionOrderSort (0ms)
			DisableScriptedObjects (0ms)
			BackupInstance (0ms)
			ReleaseScriptingObjects (0ms)
			CreateAndSetChildDomain (1ms)
		EndReloadAssembly (464ms)
			LoadAssemblies (73ms)
			RebuildTransferFunctionScriptingTraits (0ms)
			SetupTypeCache (105ms)
			ReleaseScriptCaches (0ms)
			RebuildScriptCaches (26ms)
			SetupLoadedEditorAssemblies (279ms)
				LogAssemblyErrors (0ms)
				InitializePlatformSupportModulesInManaged (9ms)
				SetLoadedEditorAssemblies (0ms)
				RefreshPlugins (102ms)
				BeforeProcessingInitializeOnLoad (1ms)
				ProcessInitializeOnLoadAttributes (125ms)
				ProcessInitializeOnLoadMethodAttributes (42ms)
				AfterProcessingInitializeOnLoad (0ms)
				EditorAssembliesLoaded (0ms)
			ExecutionOrderSort2 (0ms)
			AwakeInstancesAfterBackupRestoration (0ms)
Platform modules already initialized, skipping
Registering precompiled user dll's ...
Registered in 0.004031 seconds.
Begin MonoManager ReloadAssembly
Symbol file LoadedFromMemory doesn't match image E:\Unity_Projects_E\CMPM_121\HW1\Library\PackageCache\com.unity.visualscripting@1.7.8\Editor\VisualScripting.Core\Dependencies\YamlDotNet\Unity.VisualScripting.YamlDotNet.dll
Symbol file LoadedFromMemory doesn't match image E:\Unity_Projects_E\CMPM_121\HW1\Library\PackageCache\com.unity.visualscripting@1.7.8\Editor\VisualScripting.Core\Dependencies\DotNetZip\Unity.VisualScripting.IonicZip.dll
Native extension for WindowsStandalone target not found
Native extension for WebGL target not found
Refreshing native plugins compatible for Editor in 113.56 ms, found 3 plugins.
Preloading 0 native plugins for Editor in 0.00 ms.
Mono: successfully reloaded assembly
- Completed reload, in  1.318 seconds
Domain Reload Profiling:
	ReloadAssembly (1318ms)
		BeginReloadAssembly (104ms)
			ExecutionOrderSort (0ms)
			DisableScriptedObjects (6ms)
			BackupInstance (0ms)
			ReleaseScriptingObjects (0ms)
			CreateAndSetChildDomain (18ms)
		EndReloadAssembly (1103ms)
			LoadAssemblies (81ms)
			RebuildTransferFunctionScriptingTraits (0ms)
			SetupTypeCache (306ms)
			ReleaseScriptCaches (1ms)
			RebuildScriptCaches (69ms)
			SetupLoadedEditorAssemblies (601ms)
				LogAssemblyErrors (0ms)
				InitializePlatformSupportModulesInManaged (6ms)
				SetLoadedEditorAssemblies (0ms)
				RefreshPlugins (114ms)
				BeforeProcessingInitializeOnLoad (112ms)
				ProcessInitializeOnLoadAttributes (285ms)
				ProcessInitializeOnLoadMethodAttributes (76ms)
				AfterProcessingInitializeOnLoad (9ms)
				EditorAssembliesLoaded (0ms)
			ExecutionOrderSort2 (0ms)
			AwakeInstancesAfterBackupRestoration (7ms)
Platform modules already initialized, skipping
========================================================================
Worker process is ready to serve import requests
Launched and connected shader compiler UnityShaderCompiler.exe after 0.03 seconds
Refreshing native plugins compatible for Editor in 0.83 ms, found 3 plugins.
Preloading 0 native plugins for Editor in 0.00 ms.
Unloading 5335 Unused Serialized files (Serialized files now loaded: 0)
Unloading 49 unused Assets / (0.8 MB). Loaded Objects now: 5805.
Memory consumption went from 225.8 MB to 225.0 MB.
Total: 4.284700 ms (FindLiveObjects: 0.507800 ms CreateObjectMapping: 0.497100 ms MarkObjects: 2.863900 ms  DeleteObjects: 0.414500 ms)

AssetImportParameters requested are different than current active one (requested -> active):
  custom:video-decoder-ogg-theora: a1e56fd34408186e4bbccfd4996cb3dc -> 
  custom:container-muxer-webm: aa71ff27fc2769a1b78a27578f13a17b -> 
  custom:container-demuxer-webm: 4f35f7cbe854078d1ac9338744f61a02 -> 
  custom:video-encoder-webm-vp8: eb34c28f22e8b96e1ab97ce403110664 -> 
  custom:video-codec-MediaFoundation-h265: 746d11721c4dcdbdad8f713fa42b33f4 -> 
  custom:audio-encoder-webm-vorbis: bf7c407c2cedff20999df2af8eb42d56 -> 
  custom:framework-win-MediaFoundation: 216162199b28c13a410421893ffa2e32 -> 
  custom:container-demuxer-ogg: 62fdf1f143b41e24485cea50d1cbac27 -> 
  custom:video-decoder-webm-vp8: 9c59270c3fd7afecdb556c50c9e8de78 -> 
  custom:audio-decoder-ogg-vorbis: bf7c407c2cedff20999df2af8eb42d56 -> 
========================================================================
Received Import Request.
  Time since last request: 34026.391856 seconds.
  path: Assets/Materials/ResidentialBuildings_M/ground2.mat
  artifactKey: Guid(23bddfc02c4ab3f47a51a2a5bdc68951) Importer(815301076,1909f56bfc062723c751e8b465ee728b)
Start importing Assets/Materials/ResidentialBuildings_M/ground2.mat using Guid(23bddfc02c4ab3f47a51a2a5bdc68951) Importer(815301076,1909f56bfc062723c751e8b465ee728b)  -> (artifact id: '35e3054576555f237fb2d352ea290cf9') in 0.254165 seconds 
========================================================================
Received Import Request.
  Time since last request: 140.736464 seconds.
  path: Assets/Materials/ResidentialBuildings_M/ground1.mat
  artifactKey: Guid(f347f68fb9f1ad048a2e742e7ec4b848) Importer(815301076,1909f56bfc062723c751e8b465ee728b)
Start importing Assets/Materials/ResidentialBuildings_M/ground1.mat using Guid(f347f68fb9f1ad048a2e742e7ec4b848) Importer(815301076,1909f56bfc062723c751e8b465ee728b)  -> (artifact id: '16d11dda495d6e2a9214cb5869162cc3') in 1.062339 seconds 
========================================================================
Received Import Request.
  Time since last request: 0.000025 seconds.
  path: Assets/Materials/ResidentialBuildings_M/ground2.mat
  artifactKey: Guid(23bddfc02c4ab3f47a51a2a5bdc68951) Importer(815301076,1909f56bfc062723c751e8b465ee728b)
Start importing Assets/Materials/ResidentialBuildings_M/ground2.mat using Guid(23bddfc02c4ab3f47a51a2a5bdc68951) Importer(815301076,1909f56bfc062723c751e8b465ee728b)  -> (artifact id: '310a7f8819de1d6ed9cd02cd5c13ca25') in 0.016342 seconds 
========================================================================
Received Import Request.
  Time since last request: 0.000035 seconds.
  path: Assets/Materials/ResidentialBuildings_M/hotel_glas.mat
  artifactKey: Guid(7da8d1c3f249017418d84fc2a8404ea3) Importer(815301076,1909f56bfc062723c751e8b465ee728b)
Start importing Assets/Materials/ResidentialBuildings_M/hotel_glas.mat using Guid(7da8d1c3f249017418d84fc2a8404ea3) Importer(815301076,1909f56bfc062723c751e8b465ee728b)  -> (artifact id: '48b74a1655525851f6b0c8511043953e') in 0.919582 seconds 
========================================================================
Received Import Request.
  Time since last request: 42.304450 seconds.
  path: Assets/Mesh/ResidentialBuildingSet/Residential Buildings 002.fbx
  artifactKey: Guid(ea3aca2ac2cf8b241b526425a41344ad) Importer(815301076,1909f56bfc062723c751e8b465ee728b)
Start importing Assets/Mesh/ResidentialBuildingSet/Residential Buildings 002.fbx using Guid(ea3aca2ac2cf8b241b526425a41344ad) Importer(815301076,1909f56bfc062723c751e8b465ee728b)  -> (artifact id: 'a4ab23ace3b8debc13a27b31614ed82e') in 0.120691 seconds 
========================================================================
Received Import Request.
  Time since last request: 0.000037 seconds.
  path: Assets/Mesh/ResidentialBuildingSet/Residential Buildings 008.fbx
  artifactKey: Guid(89f28d0f0370a7f4d9d6c0591b8dc1d5) Importer(815301076,1909f56bfc062723c751e8b465ee728b)
Start importing Assets/Mesh/ResidentialBuildingSet/Residential Buildings 008.fbx using Guid(89f28d0f0370a7f4d9d6c0591b8dc1d5) Importer(815301076,1909f56bfc062723c751e8b465ee728b)  -> (artifact id: 'fb5b106cf8ed7968573d5e7d6e0c6aa3') in 0.039319 seconds 
========================================================================
Received Import Request.
  Time since last request: 0.000029 seconds.
  path: Assets/Mesh/ResidentialBuildingSet/Residential Buildings 005.fbx
  artifactKey: Guid(4640571c8b114544791997886cacb79c) Importer(815301076,1909f56bfc062723c751e8b465ee728b)
Start importing Assets/Mesh/ResidentialBuildingSet/Residential Buildings 005.fbx using Guid(4640571c8b114544791997886cacb79c) Importer(815301076,1909f56bfc062723c751e8b465ee728b)  -> (artifact id: '0a44d779f43f91571fa087d8ce034c61') in 0.034164 seconds 
========================================================================
Received Import Request.
  Time since last request: 0.000026 seconds.
  path: Assets/Mesh/ResidentialBuildingSet/Residential Buildings 010.fbx
  artifactKey: Guid(c75285d955307934292139c4bb028bf3) Importer(815301076,1909f56bfc062723c751e8b465ee728b)
Start importing Assets/Mesh/ResidentialBuildingSet/Residential Buildings 010.fbx using Guid(c75285d955307934292139c4bb028bf3) Importer(815301076,1909f56bfc062723c751e8b465ee728b)  -> (artifact id: '3e1eae1f499054a62c222186f34c48e8') in 0.031373 seconds 
========================================================================
Received Import Request.
  Time since last request: 0.000023 seconds.
  path: Assets/Mesh/ResidentialBuildingSet/Residential Buildings 007.fbx
  artifactKey: Guid(9a6d9820ccacfc34092cb0aed0a61eb9) Importer(815301076,1909f56bfc062723c751e8b465ee728b)
Start importing Assets/Mesh/ResidentialBuildingSet/Residential Buildings 007.fbx using Guid(9a6d9820ccacfc34092cb0aed0a61eb9) Importer(815301076,1909f56bfc062723c751e8b465ee728b)  -> (artifact id: '8f8e58b50d07b7542ab51bd11f93acc7') in 0.028254 seconds 
========================================================================
Received Import Request.
  Time since last request: 34.522154 seconds.
  path: Assets/Mesh/RoadTile/RoadTile_Straight-Crosswalk.fbx
  artifactKey: Guid(1ba14339225e6944e83d55ec8f4c704f) Importer(815301076,1909f56bfc062723c751e8b465ee728b)
Start importing Assets/Mesh/RoadTile/RoadTile_Straight-Crosswalk.fbx using Guid(1ba14339225e6944e83d55ec8f4c704f) Importer(815301076,1909f56bfc062723c751e8b465ee728b)  -> (artifact id: 'ae53c5e69ecd030b13307935be530519') in 0.097225 seconds 
========================================================================
Received Import Request.
  Time since last request: 0.000022 seconds.
  path: Assets/Mesh/RoadTile/RoadTile_T-Intersection.fbx
  artifactKey: Guid(37bb78bcd0ba5ef45a831faac346bb05) Importer(815301076,1909f56bfc062723c751e8b465ee728b)
Start importing Assets/Mesh/RoadTile/RoadTile_T-Intersection.fbx using Guid(37bb78bcd0ba5ef45a831faac346bb05) Importer(815301076,1909f56bfc062723c751e8b465ee728b)  -> (artifact id: '2ad81555c157f4ca394cce6605060f8e') in 0.081500 seconds 
Editor requested this worker to shutdown with reason: Scaling down because of idle timeout
AssetImportWorker is now disconnected from the server
Process exiting
Exiting without the bug reporter. Application will terminate with return code 0