Using pre-set license
Built from '2021.3/staging' branch; Version is '2021.3.11f1 (0a5ca18544bf) revision 679073'; Using compiler version '192829333'; Build Type 'Release'
OS: 'Windows 10  (10.0.19044) 64bit Core' Language: 'en' Physical Memory: 32686 MB
BatchMode: 1, IsHumanControllingUs: 0, StartBugReporterOnCrash: 0, Is64bit: 1, IsPro: 1

COMMAND LINE ARGUMENTS:
C:\Program Files\Unity\Hub\Editor\2021.3.11f1\Editor\Unity.exe
-adb2
-batchMode
-noUpm
-name
AssetImportWorker8
-projectPath
E:/Unity_Projects_E/CMPM_121/HW1
-logFile
Logs/AssetImportWorker8.log
-srvPort
63524
Successfully changed project path to: E:/Unity_Projects_E/CMPM_121/HW1
E:/Unity_Projects_E/CMPM_121/HW1
[UnityMemory] Configuration Parameters - Can be set up in boot.config
    "memorysetup-bucket-allocator-granularity=16"
    "memorysetup-bucket-allocator-bucket-count=8"
    "memorysetup-bucket-allocator-block-size=33554432"
    "memorysetup-bucket-allocator-block-count=8"
    "memorysetup-main-allocator-block-size=16777216"
    "memorysetup-thread-allocator-block-size=16777216"
    "memorysetup-gfx-main-allocator-block-size=16777216"
    "memorysetup-gfx-thread-allocator-block-size=16777216"
    "memorysetup-cache-allocator-block-size=4194304"
    "memorysetup-typetree-allocator-block-size=2097152"
    "memorysetup-profiler-bucket-allocator-granularity=16"
    "memorysetup-profiler-bucket-allocator-bucket-count=8"
    "memorysetup-profiler-bucket-allocator-block-size=33554432"
    "memorysetup-profiler-bucket-allocator-block-count=8"
    "memorysetup-profiler-allocator-block-size=16777216"
    "memorysetup-profiler-editor-allocator-block-size=1048576"
    "memorysetup-temp-allocator-size-main=16777216"
    "memorysetup-job-temp-allocator-block-size=2097152"
    "memorysetup-job-temp-allocator-block-size-background=1048576"
    "memorysetup-job-temp-allocator-reduction-small-platforms=262144"
    "memorysetup-temp-allocator-size-background-worker=32768"
    "memorysetup-temp-allocator-size-job-worker=262144"
    "memorysetup-temp-allocator-size-preload-manager=33554432"
    "memorysetup-temp-allocator-size-nav-mesh-worker=65536"
    "memorysetup-temp-allocator-size-audio-worker=65536"
    "memorysetup-temp-allocator-size-cloud-worker=32768"
    "memorysetup-temp-allocator-size-gi-baking-worker=262144"
    "memorysetup-temp-allocator-size-gfx=262144"
Refreshing native plugins compatible for Editor in 79.27 ms, found 3 plugins.
Preloading 0 native plugins for Editor in 0.00 ms.
Initialize engine version: 2021.3.11f1 (0a5ca18544bf)
[Subsystems] Discovering subsystems at path C:/Program Files/Unity/Hub/Editor/2021.3.11f1/Editor/Data/Resources/UnitySubsystems
[Subsystems] Discovering subsystems at path E:/Unity_Projects_E/CMPM_121/HW1/Assets
GfxDevice: creating device client; threaded=0; jobified=0
Direct3D:
    Version:  Direct3D 11.0 [level 11.1]
    Renderer: NVIDIA GeForce RTX 3090 (ID=0x2204)
    Vendor:   NVIDIA
    VRAM:     24348 MB
    Driver:   30.0.15.1215
Initialize mono
Mono path[0] = 'C:/Program Files/Unity/Hub/Editor/2021.3.11f1/Editor/Data/Managed'
Mono path[1] = 'C:/Program Files/Unity/Hub/Editor/2021.3.11f1/Editor/Data/MonoBleedingEdge/lib/mono/unityjit-win32'
Mono config path = 'C:/Program Files/Unity/Hub/Editor/2021.3.11f1/Editor/Data/MonoBleedingEdge/etc'
Using monoOptions --debugger-agent=transport=dt_socket,embedding=1,server=y,suspend=n,address=127.0.0.1:56516
Begin MonoManager ReloadAssembly
Registering precompiled unity dll's ...
Register platform support module: C:/Program Files/Unity/Hub/Editor/2021.3.11f1/Editor/Data/PlaybackEngines/WebGLSupport/UnityEditor.WebGL.Extensions.dll
Register platform support module: C:/Program Files/Unity/Hub/Editor/2021.3.11f1/Editor/Data/PlaybackEngines/WindowsStandaloneSupport/UnityEditor.WindowsStandalone.Extensions.dll
Registered in 0.007982 seconds.
Native extension for WindowsStandalone target not found
Native extension for WebGL target not found
Refreshing native plugins compatible for Editor in 79.58 ms, found 3 plugins.
Preloading 0 native plugins for Editor in 0.00 ms.
Mono: successfully reloaded assembly
- Completed reload, in  0.633 seconds
Domain Reload Profiling:
	ReloadAssembly (633ms)
		BeginReloadAssembly (72ms)
			ExecutionOrderSort (0ms)
			DisableScriptedObjects (0ms)
			BackupInstance (0ms)
			ReleaseScriptingObjects (0ms)
			CreateAndSetChildDomain (1ms)
		EndReloadAssembly (447ms)
			LoadAssemblies (69ms)
			RebuildTransferFunctionScriptingTraits (0ms)
			SetupTypeCache (93ms)
			ReleaseScriptCaches (0ms)
			RebuildScriptCaches (27ms)
			SetupLoadedEditorAssemblies (276ms)
				LogAssemblyErrors (0ms)
				InitializePlatformSupportModulesInManaged (9ms)
				SetLoadedEditorAssemblies (0ms)
				RefreshPlugins (80ms)
				BeforeProcessingInitializeOnLoad (1ms)
				ProcessInitializeOnLoadAttributes (140ms)
				ProcessInitializeOnLoadMethodAttributes (46ms)
				AfterProcessingInitializeOnLoad (0ms)
				EditorAssembliesLoaded (0ms)
			ExecutionOrderSort2 (0ms)
			AwakeInstancesAfterBackupRestoration (0ms)
Platform modules already initialized, skipping
Registering precompiled user dll's ...
Registered in 0.003246 seconds.
Begin MonoManager ReloadAssembly
Symbol file LoadedFromMemory doesn't match image E:\Unity_Projects_E\CMPM_121\HW1\Library\PackageCache\com.unity.visualscripting@1.7.8\Editor\VisualScripting.Core\Dependencies\YamlDotNet\Unity.VisualScripting.YamlDotNet.dll
Symbol file LoadedFromMemory doesn't match image E:\Unity_Projects_E\CMPM_121\HW1\Library\PackageCache\com.unity.visualscripting@1.7.8\Editor\VisualScripting.Core\Dependencies\DotNetZip\Unity.VisualScripting.IonicZip.dll
Native extension for WindowsStandalone target not found
Native extension for WebGL target not found
Refreshing native plugins compatible for Editor in 0.47 ms, found 3 plugins.
Preloading 0 native plugins for Editor in 0.00 ms.
Mono: successfully reloaded assembly
- Completed reload, in  0.993 seconds
Domain Reload Profiling:
	ReloadAssembly (994ms)
		BeginReloadAssembly (110ms)
			ExecutionOrderSort (0ms)
			DisableScriptedObjects (8ms)
			BackupInstance (0ms)
			ReleaseScriptingObjects (0ms)
			CreateAndSetChildDomain (17ms)
		EndReloadAssembly (773ms)
			LoadAssemblies (71ms)
			RebuildTransferFunctionScriptingTraits (0ms)
			SetupTypeCache (249ms)
			ReleaseScriptCaches (1ms)
			RebuildScriptCaches (46ms)
			SetupLoadedEditorAssemblies (370ms)
				LogAssemblyErrors (0ms)
				InitializePlatformSupportModulesInManaged (8ms)
				SetLoadedEditorAssemblies (0ms)
				RefreshPlugins (1ms)
				BeforeProcessingInitializeOnLoad (94ms)
				ProcessInitializeOnLoadAttributes (219ms)
				ProcessInitializeOnLoadMethodAttributes (30ms)
				AfterProcessingInitializeOnLoad (16ms)
				EditorAssembliesLoaded (0ms)
			ExecutionOrderSort2 (0ms)
			AwakeInstancesAfterBackupRestoration (7ms)
Platform modules already initialized, skipping
========================================================================
Worker process is ready to serve import requests
Launched and connected shader compiler UnityShaderCompiler.exe after 0.04 seconds
Refreshing native plugins compatible for Editor in 0.72 ms, found 3 plugins.
Preloading 0 native plugins for Editor in 0.00 ms.
Unloading 3380 Unused Serialized files (Serialized files now loaded: 0)
Unloading 27 unused Assets / (113.4 KB). Loaded Objects now: 3837.
Memory consumption went from 116.4 MB to 116.3 MB.
Total: 2.688700 ms (FindLiveObjects: 0.231100 ms CreateObjectMapping: 0.292000 ms MarkObjects: 2.076600 ms  DeleteObjects: 0.088200 ms)

AssetImportParameters requested are different than current active one (requested -> active):
  custom:video-decoder-ogg-theora: a1e56fd34408186e4bbccfd4996cb3dc -> 
  custom:container-muxer-webm: aa71ff27fc2769a1b78a27578f13a17b -> 
  custom:container-demuxer-webm: 4f35f7cbe854078d1ac9338744f61a02 -> 
  custom:video-encoder-webm-vp8: eb34c28f22e8b96e1ab97ce403110664 -> 
  custom:video-codec-MediaFoundation-h265: 746d11721c4dcdbdad8f713fa42b33f4 -> 
  custom:audio-encoder-webm-vorbis: bf7c407c2cedff20999df2af8eb42d56 -> 
  custom:framework-win-MediaFoundation: 216162199b28c13a410421893ffa2e32 -> 
  custom:container-demuxer-ogg: 62fdf1f143b41e24485cea50d1cbac27 -> 
  custom:video-decoder-webm-vp8: 9c59270c3fd7afecdb556c50c9e8de78 -> 
  custom:audio-decoder-ogg-vorbis: bf7c407c2cedff20999df2af8eb42d56 -> 
========================================================================
Received Import Request.
  Time since last request: 456864.522408 seconds.
  path: Assets/Textures/Trees/EU43_2.jpg
  artifactKey: Guid(4e53c5cfa404ec6428573f3d3ab9c06c) Importer(815301076,1909f56bfc062723c751e8b465ee728b)
Start importing Assets/Textures/Trees/EU43_2.jpg using Guid(4e53c5cfa404ec6428573f3d3ab9c06c) Importer(815301076,1909f56bfc062723c751e8b465ee728b)  -> (artifact id: 'ee189d1c30bd2fd358830418508248c5') in 0.419452 seconds 
========================================================================
Received Import Request.
  Time since last request: 0.000019 seconds.
  path: Assets/Textures/Trees/EU43_Bark4.tif
  artifactKey: Guid(eba61501851717d44932924c8d8b41ea) Importer(815301076,1909f56bfc062723c751e8b465ee728b)
Start importing Assets/Textures/Trees/EU43_Bark4.tif using Guid(eba61501851717d44932924c8d8b41ea) Importer(815301076,1909f56bfc062723c751e8b465ee728b)  -> (artifact id: '60d0dcfeb898817ed929116600f2097d') in 0.027885 seconds 
========================================================================
Received Import Request.
  Time since last request: 0.000025 seconds.
  path: Assets/Textures/Trees/EU43_Bark2.tif
  artifactKey: Guid(1e4ae12036ec3d14985561229a2bcec4) Importer(815301076,1909f56bfc062723c751e8b465ee728b)
Start importing Assets/Textures/Trees/EU43_Bark2.tif using Guid(1e4ae12036ec3d14985561229a2bcec4) Importer(815301076,1909f56bfc062723c751e8b465ee728b)  -> (artifact id: 'f3b98ddd5c36d062e2d4438948bb7e5a') in 0.023119 seconds 
========================================================================
Received Import Request.
  Time since last request: 0.000021 seconds.
  path: Assets/Textures/Trees/EU43brk4.tif
  artifactKey: Guid(8b9a124fb5829c04f9f2be0e9dcd3021) Importer(815301076,1909f56bfc062723c751e8b465ee728b)
Start importing Assets/Textures/Trees/EU43brk4.tif using Guid(8b9a124fb5829c04f9f2be0e9dcd3021) Importer(815301076,1909f56bfc062723c751e8b465ee728b)  -> (artifact id: '56999c6ea0dd914027995a34a8bf3b7c') in 0.025638 seconds 
========================================================================
Received Import Request.
  Time since last request: 0.000023 seconds.
  path: Assets/Textures/Trees/EU43_Stk_1.tif
  artifactKey: Guid(3ba46a33950a666428534d40ef482fb8) Importer(815301076,1909f56bfc062723c751e8b465ee728b)
Start importing Assets/Textures/Trees/EU43_Stk_1.tif using Guid(3ba46a33950a666428534d40ef482fb8) Importer(815301076,1909f56bfc062723c751e8b465ee728b)  -> (artifact id: '55194595c8a27d4649f4c4b78daf4799') in 0.009848 seconds 
========================================================================
Received Import Request.
  Time since last request: 0.000019 seconds.
  path: Assets/Textures/Trees/EU43_Trunk3.tif
  artifactKey: Guid(9974524dd1d95af48a608b65a3443729) Importer(815301076,1909f56bfc062723c751e8b465ee728b)
Start importing Assets/Textures/Trees/EU43_Trunk3.tif using Guid(9974524dd1d95af48a608b65a3443729) Importer(815301076,1909f56bfc062723c751e8b465ee728b)  -> (artifact id: 'a4ce25aa230de0de33760cda61eeb6ca') in 0.017581 seconds 
========================================================================
Received Import Request.
  Time since last request: 0.000032 seconds.
  path: Assets/Textures/Trees/EU43_leaf2_Coat.tif
  artifactKey: Guid(100fb6bf36b9d0a468918e4e05580edc) Importer(815301076,1909f56bfc062723c751e8b465ee728b)
Start importing Assets/Textures/Trees/EU43_leaf2_Coat.tif using Guid(100fb6bf36b9d0a468918e4e05580edc) Importer(815301076,1909f56bfc062723c751e8b465ee728b)  -> (artifact id: '3cf2f71b72b637c0857b375511995c62') in 0.025441 seconds 
========================================================================
Received Import Request.
  Time since last request: 0.000020 seconds.
  path: Assets/Textures/Trees/EU43_leaf1_Nrm.tif
  artifactKey: Guid(87f5cf7de4a7bd84b8fda0c9de0fea1a) Importer(815301076,1909f56bfc062723c751e8b465ee728b)
Start importing Assets/Textures/Trees/EU43_leaf1_Nrm.tif using Guid(87f5cf7de4a7bd84b8fda0c9de0fea1a) Importer(815301076,1909f56bfc062723c751e8b465ee728b)  -> (artifact id: 'ab9995424e3b0d6eaf11ea92ae917031') in 0.026924 seconds 
========================================================================
Received Import Request.
  Time since last request: 0.000022 seconds.
  path: Assets/Textures/Trees/EU43_Twig1_Nrm.tif
  artifactKey: Guid(824c948b5efed314fbbfee2db54596f5) Importer(815301076,1909f56bfc062723c751e8b465ee728b)
Start importing Assets/Textures/Trees/EU43_Twig1_Nrm.tif using Guid(824c948b5efed314fbbfee2db54596f5) Importer(815301076,1909f56bfc062723c751e8b465ee728b)  -> (artifact id: 'dc286de68edf47f7bf14f83a292b9ec4') in 0.030524 seconds 
========================================================================
Received Import Request.
  Time since last request: 0.000027 seconds.
  path: Assets/Textures/Trees/EU43_Trunk4_Nrm.tif
  artifactKey: Guid(9dc03f4cdb7914742803bf5cff956897) Importer(815301076,1909f56bfc062723c751e8b465ee728b)
Start importing Assets/Textures/Trees/EU43_Trunk4_Nrm.tif using Guid(9dc03f4cdb7914742803bf5cff956897) Importer(815301076,1909f56bfc062723c751e8b465ee728b)  -> (artifact id: '2f838bfe22676bd6f50b64115cabf196') in 0.022625 seconds 
========================================================================
Received Import Request.
  Time since last request: 0.000025 seconds.
  path: Assets/Textures/Trees/EU43_Trunk4.tif
  artifactKey: Guid(38866febf5b00e7429893026ee787cd2) Importer(815301076,1909f56bfc062723c751e8b465ee728b)
Start importing Assets/Textures/Trees/EU43_Trunk4.tif using Guid(38866febf5b00e7429893026ee787cd2) Importer(815301076,1909f56bfc062723c751e8b465ee728b)  -> (artifact id: '4e1b801b2ca7386a980147f9e7ad1b7a') in 0.023478 seconds 
========================================================================
Received Import Request.
  Time since last request: 0.000035 seconds.
  path: Assets/Textures/Trees/EU43_leaf3_Nrm.tif
  artifactKey: Guid(a604ee2be482eb347b074cd8f70d828f) Importer(815301076,1909f56bfc062723c751e8b465ee728b)
Start importing Assets/Textures/Trees/EU43_leaf3_Nrm.tif using Guid(a604ee2be482eb347b074cd8f70d828f) Importer(815301076,1909f56bfc062723c751e8b465ee728b)  -> (artifact id: '541bd0fe3469da344ffcf52ec5dc1db3') in 0.024595 seconds 
========================================================================
Received Import Request.
  Time since last request: 0.000031 seconds.
  path: Assets/Textures/Trees/EU43_Stp1_Nrm.tif
  artifactKey: Guid(65899701a971b2445a8cccb4b05cdeb6) Importer(815301076,1909f56bfc062723c751e8b465ee728b)
Start importing Assets/Textures/Trees/EU43_Stp1_Nrm.tif using Guid(65899701a971b2445a8cccb4b05cdeb6) Importer(815301076,1909f56bfc062723c751e8b465ee728b)  -> (artifact id: 'd6d58f0d33498f26187cd84e0111a8b8') in 0.023596 seconds 
========================================================================
Received Import Request.
  Time since last request: 0.000019 seconds.
  path: Assets/Textures/Trees/EU43_Bark2_Nrm.tif
  artifactKey: Guid(ca34d4cb337292c4693654ba53477184) Importer(815301076,1909f56bfc062723c751e8b465ee728b)
Start importing Assets/Textures/Trees/EU43_Bark2_Nrm.tif using Guid(ca34d4cb337292c4693654ba53477184) Importer(815301076,1909f56bfc062723c751e8b465ee728b)  -> (artifact id: '859929cb90d9150d66819ce77f67b368') in 0.025962 seconds 
========================================================================
Received Import Request.
  Time since last request: 0.000027 seconds.
  path: Assets/Textures/Trees/EU43_9.jpg
  artifactKey: Guid(34d8126ac28847b4a9957e3a877eb3c7) Importer(815301076,1909f56bfc062723c751e8b465ee728b)
Start importing Assets/Textures/Trees/EU43_9.jpg using Guid(34d8126ac28847b4a9957e3a877eb3c7) Importer(815301076,1909f56bfc062723c751e8b465ee728b)  -> (artifact id: 'a9afef99465059efd02c8c9a357eddfb') in 0.022516 seconds 
========================================================================
Received Import Request.
  Time since last request: 0.000018 seconds.
  path: Assets/Textures/Trees/EU43_Bark3.tif
  artifactKey: Guid(fac59acf623d92b4eaacf295fec61826) Importer(815301076,1909f56bfc062723c751e8b465ee728b)
Start importing Assets/Textures/Trees/EU43_Bark3.tif using Guid(fac59acf623d92b4eaacf295fec61826) Importer(815301076,1909f56bfc062723c751e8b465ee728b)  -> (artifact id: 'a7726016795075e0e3171f7182236336') in 0.023626 seconds 
========================================================================
Received Import Request.
  Time since last request: 0.000017 seconds.
  path: Assets/Textures/Trees/EU43_leaf2_Nrm.tif
  artifactKey: Guid(5714ee3e3db90c4488d1b35fde099bdc) Importer(815301076,1909f56bfc062723c751e8b465ee728b)
Start importing Assets/Textures/Trees/EU43_leaf2_Nrm.tif using Guid(5714ee3e3db90c4488d1b35fde099bdc) Importer(815301076,1909f56bfc062723c751e8b465ee728b)  -> (artifact id: '44e47e515680af21bed7ab2b0e4c1b86') in 0.024540 seconds 
========================================================================
Received Import Request.
  Time since last request: 0.000028 seconds.
  path: Assets/Textures/Trees/EU43_Stk2.tif
  artifactKey: Guid(ae41876782984ed4e8977d6b51998d8b) Importer(815301076,1909f56bfc062723c751e8b465ee728b)
Start importing Assets/Textures/Trees/EU43_Stk2.tif using Guid(ae41876782984ed4e8977d6b51998d8b) Importer(815301076,1909f56bfc062723c751e8b465ee728b)  -> (artifact id: '9e9adf574cdec96d399a0b199502833e') in 0.022753 seconds 
========================================================================
Received Import Request.
  Time since last request: 0.000018 seconds.
  path: Assets/Textures/Trees/EU43_Fruit1_Nrm.tif
  artifactKey: Guid(922b1c0431c35f94caed9ad914d5f697) Importer(815301076,1909f56bfc062723c751e8b465ee728b)
Start importing Assets/Textures/Trees/EU43_Fruit1_Nrm.tif using Guid(922b1c0431c35f94caed9ad914d5f697) Importer(815301076,1909f56bfc062723c751e8b465ee728b)  -> (artifact id: '7e53117e1cabd5e1053acfded4a50f09') in 0.024802 seconds 
========================================================================
Received Import Request.
  Time since last request: 0.000023 seconds.
  path: Assets/Textures/Trees/EU43_Stp2_Nrm.tif
  artifactKey: Guid(87bb2eb08f8013b4daaf6f4c762aa107) Importer(815301076,1909f56bfc062723c751e8b465ee728b)
Start importing Assets/Textures/Trees/EU43_Stp2_Nrm.tif using Guid(87bb2eb08f8013b4daaf6f4c762aa107) Importer(815301076,1909f56bfc062723c751e8b465ee728b)  -> (artifact id: '71c8424050e1baa1509ee471125e926f') in 0.023035 seconds 
========================================================================
Received Import Request.
  Time since last request: 0.000028 seconds.
  path: Assets/Textures/Trees/EU43_Leaf1_Refl.tif
  artifactKey: Guid(daecaf4ee467de241942e27b28b9a49c) Importer(815301076,1909f56bfc062723c751e8b465ee728b)
Start importing Assets/Textures/Trees/EU43_Leaf1_Refl.tif using Guid(daecaf4ee467de241942e27b28b9a49c) Importer(815301076,1909f56bfc062723c751e8b465ee728b)  -> (artifact id: '02eacf2f4c508d56e1986fb73c4374c8') in 0.023718 seconds 
========================================================================
Received Import Request.
  Time since last request: 0.000017 seconds.
  path: Assets/Textures/Trees/EU43_Trunk3_Nrm.tif
  artifactKey: Guid(7c8b7cf617970674a86e0d8910f293e3) Importer(815301076,1909f56bfc062723c751e8b465ee728b)
Start importing Assets/Textures/Trees/EU43_Trunk3_Nrm.tif using Guid(7c8b7cf617970674a86e0d8910f293e3) Importer(815301076,1909f56bfc062723c751e8b465ee728b)  -> (artifact id: 'f54efc860cc737ff43ad05bb1551e8a0') in 0.022695 seconds 
========================================================================
Received Import Request.
  Time since last request: 0.000022 seconds.
  path: Assets/Textures/Trees/EU43_leaf2_Alpha.tif
  artifactKey: Guid(77a935bcf85afa04689a7f939022d90e) Importer(815301076,1909f56bfc062723c751e8b465ee728b)
Start importing Assets/Textures/Trees/EU43_leaf2_Alpha.tif using Guid(77a935bcf85afa04689a7f939022d90e) Importer(815301076,1909f56bfc062723c751e8b465ee728b)  -> (artifact id: '1b03ef8a1401e1de0388db4167fef364') in 0.023332 seconds 
========================================================================
Received Import Request.
  Time since last request: 0.000019 seconds.
  path: Assets/Textures/Trees/EU43_Leaf3_Back.tif
  artifactKey: Guid(884cae54acbc4f1488814b93eb80e24c) Importer(815301076,1909f56bfc062723c751e8b465ee728b)
Start importing Assets/Textures/Trees/EU43_Leaf3_Back.tif using Guid(884cae54acbc4f1488814b93eb80e24c) Importer(815301076,1909f56bfc062723c751e8b465ee728b)  -> (artifact id: '02479b35ce3d938a02aa76c0746bc449') in 0.022207 seconds 
========================================================================
Received Import Request.
  Time since last request: 0.000019 seconds.
  path: Assets/Textures/Trees/EU43_Trunk1_Nrm.tif
  artifactKey: Guid(a4c2fd2f27109114fb86803ea47c3a0d) Importer(815301076,1909f56bfc062723c751e8b465ee728b)
Start importing Assets/Textures/Trees/EU43_Trunk1_Nrm.tif using Guid(a4c2fd2f27109114fb86803ea47c3a0d) Importer(815301076,1909f56bfc062723c751e8b465ee728b)  -> (artifact id: '2eaf5be76cdfefec267357b4310bd7a4') in 0.022757 seconds 
========================================================================
Received Import Request.
  Time since last request: 0.000021 seconds.
  path: Assets/Textures/Trees/EU43_7.jpg
  artifactKey: Guid(f17eba20fff119246961ed0e7cf00d6c) Importer(815301076,1909f56bfc062723c751e8b465ee728b)
Start importing Assets/Textures/Trees/EU43_7.jpg using Guid(f17eba20fff119246961ed0e7cf00d6c) Importer(815301076,1909f56bfc062723c751e8b465ee728b)  -> (artifact id: '29ff3911c549f010e46dff8f622a10d4') in 0.023953 seconds 
========================================================================
Received Import Request.
  Time since last request: 0.000020 seconds.
  path: Assets/Textures/Trees/EU43_Bark1_Nrm.tif
  artifactKey: Guid(779a580400165a343833884450eddc36) Importer(815301076,1909f56bfc062723c751e8b465ee728b)
Start importing Assets/Textures/Trees/EU43_Bark1_Nrm.tif using Guid(779a580400165a343833884450eddc36) Importer(815301076,1909f56bfc062723c751e8b465ee728b)  -> (artifact id: '01e58d56d7ae11c11ddec56be5c041c0') in 0.023584 seconds 
========================================================================
Received Import Request.
  Time since last request: 0.000027 seconds.
  path: Assets/Textures/Trees/EU43_Stp2.tif
  artifactKey: Guid(5791d073d716583498a509e057443773) Importer(815301076,1909f56bfc062723c751e8b465ee728b)
Start importing Assets/Textures/Trees/EU43_Stp2.tif using Guid(5791d073d716583498a509e057443773) Importer(815301076,1909f56bfc062723c751e8b465ee728b)  -> (artifact id: 'f91f81eb93e8b5d6f3cfcadbc3e7ceee') in 0.020540 seconds 
========================================================================
Received Import Request.
  Time since last request: 0.000024 seconds.
  path: Assets/Textures/Trees/EU43_5.jpg
  artifactKey: Guid(7a75099699575b04eb9dc914d2fac8cc) Importer(815301076,1909f56bfc062723c751e8b465ee728b)
Start importing Assets/Textures/Trees/EU43_5.jpg using Guid(7a75099699575b04eb9dc914d2fac8cc) Importer(815301076,1909f56bfc062723c751e8b465ee728b)  -> (artifact id: '04d936741f083242e688f2156c4d3785') in 0.021161 seconds 
========================================================================
Received Import Request.
  Time since last request: 0.000036 seconds.
  path: Assets/Textures/Trees/EU43_Fruit2.tif
  artifactKey: Guid(e58cf5724a9906444ad9331f825006f3) Importer(815301076,1909f56bfc062723c751e8b465ee728b)
Start importing Assets/Textures/Trees/EU43_Fruit2.tif using Guid(e58cf5724a9906444ad9331f825006f3) Importer(815301076,1909f56bfc062723c751e8b465ee728b)  -> (artifact id: 'ae114667345cac5a011f9a42205fa8e6') in 0.020057 seconds 
========================================================================
Received Import Request.
  Time since last request: 0.000025 seconds.
  path: Assets/Textures/Trees/EU43_Roots2.tif
  artifactKey: Guid(ab945fbf6dd13b442a306b62e72eed4a) Importer(815301076,1909f56bfc062723c751e8b465ee728b)
Start importing Assets/Textures/Trees/EU43_Roots2.tif using Guid(ab945fbf6dd13b442a306b62e72eed4a) Importer(815301076,1909f56bfc062723c751e8b465ee728b)  -> (artifact id: '798ccc72ee5e56ccbdec7346ce7d5d7a') in 0.020925 seconds 
========================================================================
Received Import Request.
  Time since last request: 0.000025 seconds.
  path: Assets/Textures/Trees/EU43_Fruit3.tif
  artifactKey: Guid(f8c2c6e434af72444aa2a3b548c626db) Importer(815301076,1909f56bfc062723c751e8b465ee728b)
Start importing Assets/Textures/Trees/EU43_Fruit3.tif using Guid(f8c2c6e434af72444aa2a3b548c626db) Importer(815301076,1909f56bfc062723c751e8b465ee728b)  -> (artifact id: '8ed1c3beaed4c943c273cc2bb4b9d92c') in 0.021565 seconds 
========================================================================
Received Import Request.
  Time since last request: 0.000024 seconds.
  path: Assets/Textures/Trees/EU43_leaf1_Alpha.tif
  artifactKey: Guid(c36ae2cc74b2a7b4eb5294bb3645daac) Importer(815301076,1909f56bfc062723c751e8b465ee728b)
Start importing Assets/Textures/Trees/EU43_leaf1_Alpha.tif using Guid(c36ae2cc74b2a7b4eb5294bb3645daac) Importer(815301076,1909f56bfc062723c751e8b465ee728b)  -> (artifact id: 'd36dded36f05e69483f35b9c8833b848') in 0.019956 seconds 
========================================================================
Received Import Request.
  Time since last request: 0.000028 seconds.
  path: Assets/Textures/Trees/EU43_Stp1_Front.tif
  artifactKey: Guid(66f32a1903f706c439005e71639a1d99) Importer(815301076,1909f56bfc062723c751e8b465ee728b)
Start importing Assets/Textures/Trees/EU43_Stp1_Front.tif using Guid(66f32a1903f706c439005e71639a1d99) Importer(815301076,1909f56bfc062723c751e8b465ee728b)  -> (artifact id: 'b880739a6ed086007430493dd8b015e8') in 0.021365 seconds 
========================================================================
Received Import Request.
  Time since last request: 0.000030 seconds.
  path: Assets/Textures/Trees/EU43_Ova.tif
  artifactKey: Guid(9a3feb3b6d51af94cae89ae1fe5ab9a3) Importer(815301076,1909f56bfc062723c751e8b465ee728b)
Start importing Assets/Textures/Trees/EU43_Ova.tif using Guid(9a3feb3b6d51af94cae89ae1fe5ab9a3) Importer(815301076,1909f56bfc062723c751e8b465ee728b)  -> (artifact id: 'd048a5fa6c62d72e02ba1b765557f34a') in 0.020010 seconds 
========================================================================
Received Import Request.
  Time since last request: 0.728564 seconds.
  path: Assets/Textures/Trees/EU43frt3.tif
  artifactKey: Guid(1911f3c020296bf45aace3e9147dc326) Importer(815301076,1909f56bfc062723c751e8b465ee728b)
Start importing Assets/Textures/Trees/EU43frt3.tif using Guid(1911f3c020296bf45aace3e9147dc326) Importer(815301076,1909f56bfc062723c751e8b465ee728b)  -> (artifact id: 'bf70ab8cf2adf8f94071bda87ab423aa') in 0.024588 seconds 
========================================================================
Received Import Request.
  Time since last request: 0.000023 seconds.
  path: Assets/Textures/Trees/EU43lef3_a.tif
  artifactKey: Guid(c65902788b83a244aaa55065291e5f01) Importer(815301076,1909f56bfc062723c751e8b465ee728b)
Start importing Assets/Textures/Trees/EU43lef3_a.tif using Guid(c65902788b83a244aaa55065291e5f01) Importer(815301076,1909f56bfc062723c751e8b465ee728b)  -> (artifact id: 'cc938c4acc6be3efd38d2f5f1f580c8a') in 0.011444 seconds 
========================================================================
Received Import Request.
  Time since last request: 0.000027 seconds.
  path: Assets/Textures/Trees/EU43lef3.tif
  artifactKey: Guid(018b582859a0a2846ba72f9489c60d71) Importer(815301076,1909f56bfc062723c751e8b465ee728b)
Start importing Assets/Textures/Trees/EU43lef3.tif using Guid(018b582859a0a2846ba72f9489c60d71) Importer(815301076,1909f56bfc062723c751e8b465ee728b)  -> (artifact id: 'caba3ec2b52f398b844f4258629cf6f0') in 0.017295 seconds 
========================================================================
Received Import Request.
  Time since last request: 0.000025 seconds.
  path: Assets/Textures/Trees/EU43stk2.tif
  artifactKey: Guid(2427ca97bf8d7f34aa125689ab4818e4) Importer(815301076,1909f56bfc062723c751e8b465ee728b)
Start importing Assets/Textures/Trees/EU43stk2.tif using Guid(2427ca97bf8d7f34aa125689ab4818e4) Importer(815301076,1909f56bfc062723c751e8b465ee728b)  -> (artifact id: '903227eb59deb0a2091436417b024d1c') in 0.020558 seconds 
========================================================================
Received Import Request.
  Time since last request: 0.000037 seconds.
  path: Assets/Textures/Trees/EU43rts2.tif
  artifactKey: Guid(50e9f3492e0196f4998fb807391349e7) Importer(815301076,1909f56bfc062723c751e8b465ee728b)
Start importing Assets/Textures/Trees/EU43rts2.tif using Guid(50e9f3492e0196f4998fb807391349e7) Importer(815301076,1909f56bfc062723c751e8b465ee728b)  -> (artifact id: 'ee13d38d59c9e85eb82a7eeabebff207') in 0.022138 seconds 
========================================================================
Received Import Request.
  Time since last request: 0.000023 seconds.
  path: Assets/Textures/Trees/EU43rts3.tif
  artifactKey: Guid(a6386f7507f60d641b06a870ff378691) Importer(815301076,1909f56bfc062723c751e8b465ee728b)
Start importing Assets/Textures/Trees/EU43rts3.tif using Guid(a6386f7507f60d641b06a870ff378691) Importer(815301076,1909f56bfc062723c751e8b465ee728b)  -> (artifact id: '5ea9be797f7618e1ce0f03a8df004993') in 0.019876 seconds 
========================================================================
Received Import Request.
  Time since last request: 0.000031 seconds.
  path: Assets/Textures/Trees/EU43lef2.tif
  artifactKey: Guid(be587ac436f31b64cb4e6125489cf34a) Importer(815301076,1909f56bfc062723c751e8b465ee728b)
Start importing Assets/Textures/Trees/EU43lef2.tif using Guid(be587ac436f31b64cb4e6125489cf34a) Importer(815301076,1909f56bfc062723c751e8b465ee728b)  -> (artifact id: '301f1a6e56e6446f342fcb733df4791d') in 0.021658 seconds 
========================================================================
Received Import Request.
  Time since last request: 0.000031 seconds.
  path: Assets/Textures/Trees/EU43rts1.tif
  artifactKey: Guid(1430b7728144c1f4b817e60c97c58f92) Importer(815301076,1909f56bfc062723c751e8b465ee728b)
Start importing Assets/Textures/Trees/EU43rts1.tif using Guid(1430b7728144c1f4b817e60c97c58f92) Importer(815301076,1909f56bfc062723c751e8b465ee728b)  -> (artifact id: 'b03648b88cfd9141a4004c8e8cff743d') in 0.020293 seconds 
========================================================================
Received Import Request.
  Time since last request: 0.283618 seconds.
  path: Assets/Textures/Trees/EU43stp2.tif
  artifactKey: Guid(c74a3b68b4547be418259576fd68c37e) Importer(815301076,1909f56bfc062723c751e8b465ee728b)
Start importing Assets/Textures/Trees/EU43stp2.tif using Guid(c74a3b68b4547be418259576fd68c37e) Importer(815301076,1909f56bfc062723c751e8b465ee728b)  -> (artifact id: '4632ab1565778b8c4bd9a4f3819f48e4') in 0.009784 seconds 
========================================================================
Received Import Request.
  Time since last request: 0.000026 seconds.
  path: Assets/Textures/Trees/EU43stp2_a.tif
  artifactKey: Guid(2d0e8235d5f03d84e807601805179ff0) Importer(815301076,1909f56bfc062723c751e8b465ee728b)
Start importing Assets/Textures/Trees/EU43stp2_a.tif using Guid(2d0e8235d5f03d84e807601805179ff0) Importer(815301076,1909f56bfc062723c751e8b465ee728b)  -> (artifact id: '26812d940347fa48eba421c43ec3fc29') in 0.011170 seconds 
========================================================================
Received Import Request.
  Time since last request: 0.000024 seconds.
  path: Assets/Textures/Trees/OMruler.tif
  artifactKey: Guid(931b8dbe24ced4e4c8ccb894a7b09466) Importer(815301076,1909f56bfc062723c751e8b465ee728b)
Start importing Assets/Textures/Trees/OMruler.tif using Guid(931b8dbe24ced4e4c8ccb894a7b09466) Importer(815301076,1909f56bfc062723c751e8b465ee728b)  -> (artifact id: 'c161b099d2006bd8de3c6cb10b7c0ecf') in 0.022081 seconds 
========================================================================
Received Import Request.
  Time since last request: 0.000019 seconds.
  path: Assets/Textures/Trees/EU43trk4.tif
  artifactKey: Guid(da76349182b26c946b38cbca9d66a2bb) Importer(815301076,1909f56bfc062723c751e8b465ee728b)
Start importing Assets/Textures/Trees/EU43trk4.tif using Guid(da76349182b26c946b38cbca9d66a2bb) Importer(815301076,1909f56bfc062723c751e8b465ee728b)  -> (artifact id: '94090854dd99b0078e35ab792c8f0a19') in 0.021615 seconds 
========================================================================
Received Import Request.
  Time since last request: 0.000041 seconds.
  path: Assets/Textures/Trees/EU43trk2.tif
  artifactKey: Guid(71f6b224fac271f458c948b6365f3e8f) Importer(815301076,1909f56bfc062723c751e8b465ee728b)
Start importing Assets/Textures/Trees/EU43trk2.tif using Guid(71f6b224fac271f458c948b6365f3e8f) Importer(815301076,1909f56bfc062723c751e8b465ee728b)  -> (artifact id: '3c7cd903845f960e62810530bbe1face') in 0.020042 seconds 
========================================================================
Received Import Request.
  Time since last request: 0.000034 seconds.
  path: Assets/Textures/Trees/EU43trk3.tif
  artifactKey: Guid(d2528cc2db3e7db4a8d5ad29946e8d65) Importer(815301076,1909f56bfc062723c751e8b465ee728b)
Start importing Assets/Textures/Trees/EU43trk3.tif using Guid(d2528cc2db3e7db4a8d5ad29946e8d65) Importer(815301076,1909f56bfc062723c751e8b465ee728b)  -> (artifact id: 'e1b3af18d948406d681cfcf230b9512e') in 0.019193 seconds 
Editor requested this worker to shutdown with reason: Scaling down because of idle timeout
AssetImportWorker is now disconnected from the server
Process exiting
Exiting without the bug reporter. Application will terminate with return code 0