Using pre-set license
Built from '2021.3/staging' branch; Version is '2021.3.11f1 (0a5ca18544bf) revision 679073'; Using compiler version '192829333'; Build Type 'Release'
OS: 'Windows 10  (10.0.19044) 64bit Core' Language: 'en' Physical Memory: 32686 MB
BatchMode: 1, IsHumanControllingUs: 0, StartBugReporterOnCrash: 0, Is64bit: 1, IsPro: 1

COMMAND LINE ARGUMENTS:
C:\Program Files\Unity\Hub\Editor\2021.3.11f1\Editor\Unity.exe
-adb2
-batchMode
-noUpm
-name
AssetImportWorker11
-projectPath
E:/Unity_Projects_E/CMPM_121/HW1
-logFile
Logs/AssetImportWorker11.log
-srvPort
59364
Successfully changed project path to: E:/Unity_Projects_E/CMPM_121/HW1
E:/Unity_Projects_E/CMPM_121/HW1
[UnityMemory] Configuration Parameters - Can be set up in boot.config
    "memorysetup-bucket-allocator-granularity=16"
    "memorysetup-bucket-allocator-bucket-count=8"
    "memorysetup-bucket-allocator-block-size=33554432"
    "memorysetup-bucket-allocator-block-count=8"
    "memorysetup-main-allocator-block-size=16777216"
    "memorysetup-thread-allocator-block-size=16777216"
    "memorysetup-gfx-main-allocator-block-size=16777216"
    "memorysetup-gfx-thread-allocator-block-size=16777216"
    "memorysetup-cache-allocator-block-size=4194304"
    "memorysetup-typetree-allocator-block-size=2097152"
    "memorysetup-profiler-bucket-allocator-granularity=16"
    "memorysetup-profiler-bucket-allocator-bucket-count=8"
    "memorysetup-profiler-bucket-allocator-block-size=33554432"
    "memorysetup-profiler-bucket-allocator-block-count=8"
    "memorysetup-profiler-allocator-block-size=16777216"
    "memorysetup-profiler-editor-allocator-block-size=1048576"
    "memorysetup-temp-allocator-size-main=16777216"
    "memorysetup-job-temp-allocator-block-size=2097152"
    "memorysetup-job-temp-allocator-block-size-background=1048576"
    "memorysetup-job-temp-allocator-reduction-small-platforms=262144"
    "memorysetup-temp-allocator-size-background-worker=32768"
    "memorysetup-temp-allocator-size-job-worker=262144"
    "memorysetup-temp-allocator-size-preload-manager=33554432"
    "memorysetup-temp-allocator-size-nav-mesh-worker=65536"
    "memorysetup-temp-allocator-size-audio-worker=65536"
    "memorysetup-temp-allocator-size-cloud-worker=32768"
    "memorysetup-temp-allocator-size-gi-baking-worker=262144"
    "memorysetup-temp-allocator-size-gfx=262144"
Refreshing native plugins compatible for Editor in 74.58 ms, found 3 plugins.
Preloading 0 native plugins for Editor in 0.00 ms.
Initialize engine version: 2021.3.11f1 (0a5ca18544bf)
[Subsystems] Discovering subsystems at path C:/Program Files/Unity/Hub/Editor/2021.3.11f1/Editor/Data/Resources/UnitySubsystems
[Subsystems] Discovering subsystems at path E:/Unity_Projects_E/CMPM_121/HW1/Assets
GfxDevice: creating device client; threaded=0; jobified=0
Direct3D:
    Version:  Direct3D 11.0 [level 11.1]
    Renderer: NVIDIA GeForce RTX 3090 (ID=0x2204)
    Vendor:   NVIDIA
    VRAM:     24348 MB
    Driver:   30.0.15.1215
Initialize mono
Mono path[0] = 'C:/Program Files/Unity/Hub/Editor/2021.3.11f1/Editor/Data/Managed'
Mono path[1] = 'C:/Program Files/Unity/Hub/Editor/2021.3.11f1/Editor/Data/MonoBleedingEdge/lib/mono/unityjit-win32'
Mono config path = 'C:/Program Files/Unity/Hub/Editor/2021.3.11f1/Editor/Data/MonoBleedingEdge/etc'
Using monoOptions --debugger-agent=transport=dt_socket,embedding=1,server=y,suspend=n,address=127.0.0.1:56112
Begin MonoManager ReloadAssembly
Registering precompiled unity dll's ...
Register platform support module: C:/Program Files/Unity/Hub/Editor/2021.3.11f1/Editor/Data/PlaybackEngines/WebGLSupport/UnityEditor.WebGL.Extensions.dll
Register platform support module: C:/Program Files/Unity/Hub/Editor/2021.3.11f1/Editor/Data/PlaybackEngines/WindowsStandaloneSupport/UnityEditor.WindowsStandalone.Extensions.dll
Registered in 0.007688 seconds.
Native extension for WindowsStandalone target not found
Native extension for WebGL target not found
Refreshing native plugins compatible for Editor in 69.28 ms, found 3 plugins.
Preloading 0 native plugins for Editor in 0.00 ms.
Mono: successfully reloaded assembly
- Completed reload, in  0.596 seconds
Domain Reload Profiling:
	ReloadAssembly (596ms)
		BeginReloadAssembly (72ms)
			ExecutionOrderSort (0ms)
			DisableScriptedObjects (0ms)
			BackupInstance (0ms)
			ReleaseScriptingObjects (0ms)
			CreateAndSetChildDomain (1ms)
		EndReloadAssembly (414ms)
			LoadAssemblies (70ms)
			RebuildTransferFunctionScriptingTraits (0ms)
			SetupTypeCache (96ms)
			ReleaseScriptCaches (0ms)
			RebuildScriptCaches (25ms)
			SetupLoadedEditorAssemblies (246ms)
				LogAssemblyErrors (0ms)
				InitializePlatformSupportModulesInManaged (9ms)
				SetLoadedEditorAssemblies (0ms)
				RefreshPlugins (69ms)
				BeforeProcessingInitializeOnLoad (1ms)
				ProcessInitializeOnLoadAttributes (127ms)
				ProcessInitializeOnLoadMethodAttributes (39ms)
				AfterProcessingInitializeOnLoad (0ms)
				EditorAssembliesLoaded (0ms)
			ExecutionOrderSort2 (0ms)
			AwakeInstancesAfterBackupRestoration (0ms)
Platform modules already initialized, skipping
Registering precompiled user dll's ...
Registered in 0.003482 seconds.
Begin MonoManager ReloadAssembly
Symbol file LoadedFromMemory doesn't match image E:\Unity_Projects_E\CMPM_121\HW1\Library\PackageCache\com.unity.visualscripting@1.7.8\Editor\VisualScripting.Core\Dependencies\YamlDotNet\Unity.VisualScripting.YamlDotNet.dll
Symbol file LoadedFromMemory doesn't match image E:\Unity_Projects_E\CMPM_121\HW1\Library\PackageCache\com.unity.visualscripting@1.7.8\Editor\VisualScripting.Core\Dependencies\DotNetZip\Unity.VisualScripting.IonicZip.dll
Native extension for WindowsStandalone target not found
Native extension for WebGL target not found
Refreshing native plugins compatible for Editor in 0.45 ms, found 3 plugins.
Preloading 0 native plugins for Editor in 0.00 ms.
Mono: successfully reloaded assembly
- Completed reload, in  0.923 seconds
Domain Reload Profiling:
	ReloadAssembly (924ms)
		BeginReloadAssembly (91ms)
			ExecutionOrderSort (0ms)
			DisableScriptedObjects (5ms)
			BackupInstance (0ms)
			ReleaseScriptingObjects (0ms)
			CreateAndSetChildDomain (15ms)
		EndReloadAssembly (723ms)
			LoadAssemblies (70ms)
			RebuildTransferFunctionScriptingTraits (0ms)
			SetupTypeCache (241ms)
			ReleaseScriptCaches (1ms)
			RebuildScriptCaches (42ms)
			SetupLoadedEditorAssemblies (334ms)
				LogAssemblyErrors (0ms)
				InitializePlatformSupportModulesInManaged (6ms)
				SetLoadedEditorAssemblies (0ms)
				RefreshPlugins (0ms)
				BeforeProcessingInitializeOnLoad (74ms)
				ProcessInitializeOnLoadAttributes (212ms)
				ProcessInitializeOnLoadMethodAttributes (30ms)
				AfterProcessingInitializeOnLoad (10ms)
				EditorAssembliesLoaded (0ms)
			ExecutionOrderSort2 (0ms)
			AwakeInstancesAfterBackupRestoration (6ms)
Platform modules already initialized, skipping
========================================================================
Worker process is ready to serve import requests
Launched and connected shader compiler UnityShaderCompiler.exe after 0.04 seconds
Refreshing native plugins compatible for Editor in 0.45 ms, found 3 plugins.
Preloading 0 native plugins for Editor in 0.00 ms.
Unloading 3380 Unused Serialized files (Serialized files now loaded: 0)
Unloading 27 unused Assets / (113.4 KB). Loaded Objects now: 3837.
Memory consumption went from 116.3 MB to 116.2 MB.
Total: 2.704500 ms (FindLiveObjects: 0.234500 ms CreateObjectMapping: 0.212100 ms MarkObjects: 2.170800 ms  DeleteObjects: 0.086200 ms)

AssetImportParameters requested are different than current active one (requested -> active):
  custom:video-decoder-ogg-theora: a1e56fd34408186e4bbccfd4996cb3dc -> 
  custom:container-muxer-webm: aa71ff27fc2769a1b78a27578f13a17b -> 
  custom:container-demuxer-webm: 4f35f7cbe854078d1ac9338744f61a02 -> 
  custom:video-encoder-webm-vp8: eb34c28f22e8b96e1ab97ce403110664 -> 
  custom:video-codec-MediaFoundation-h265: 746d11721c4dcdbdad8f713fa42b33f4 -> 
  custom:audio-encoder-webm-vorbis: bf7c407c2cedff20999df2af8eb42d56 -> 
  custom:framework-win-MediaFoundation: 216162199b28c13a410421893ffa2e32 -> 
  custom:container-demuxer-ogg: 62fdf1f143b41e24485cea50d1cbac27 -> 
  custom:video-decoder-webm-vp8: 9c59270c3fd7afecdb556c50c9e8de78 -> 
  custom:audio-decoder-ogg-vorbis: bf7c407c2cedff20999df2af8eb42d56 -> 
========================================================================
Received Import Request.
  Time since last request: 444121.141004 seconds.
  path: Assets/Objects/uploads_files_2205207_Ahmed+el+hosini.obj
  artifactKey: Guid(9e0989058fcb5f64a860e172609a0821) Importer(815301076,1909f56bfc062723c751e8b465ee728b)
Start importing Assets/Objects/uploads_files_2205207_Ahmed+el+hosini.obj using Guid(9e0989058fcb5f64a860e172609a0821) Importer(815301076,1909f56bfc062723c751e8b465ee728b)  -> (artifact id: 'c49dd757b90c057a3fe879e11186d258') in 1.302096 seconds 
========================================================================
Received Import Request.
  Time since last request: 58.586672 seconds.
  path: Assets/Materials/uploads_files_2205207_Ahmed+el+hosini.mtl
  artifactKey: Guid(0dbdb5ddbd57206469d8bc147ad7d000) Importer(815301076,1909f56bfc062723c751e8b465ee728b)
Start importing Assets/Materials/uploads_files_2205207_Ahmed+el+hosini.mtl using Guid(0dbdb5ddbd57206469d8bc147ad7d000) Importer(815301076,1909f56bfc062723c751e8b465ee728b)  -> (artifact id: '236d4abdee39dd3e8ae2feb37b0d842f') in 0.005022 seconds 
========================================================================
Received Import Request.
  Time since last request: 705.825722 seconds.
  path: Assets/Objects/RoadTile_Intersection.fbx
  artifactKey: Guid(3de64955c68833c4d94e42c4c2af7fc0) Importer(815301076,1909f56bfc062723c751e8b465ee728b)
Start importing Assets/Objects/RoadTile_Intersection.fbx using Guid(3de64955c68833c4d94e42c4c2af7fc0) Importer(815301076,1909f56bfc062723c751e8b465ee728b)  -> (artifact id: 'b0c3c5a8f14e53a96822b9b8a9b3ef55') in 0.072429 seconds 
========================================================================
Received Import Request.
  Time since last request: 4.046528 seconds.
  path: Assets/Materials/MAT_RoadTiles.mat
  artifactKey: Guid(4aed325826484ce4eb23dc48008d8a00) Importer(815301076,1909f56bfc062723c751e8b465ee728b)
Start importing Assets/Materials/MAT_RoadTiles.mat using Guid(4aed325826484ce4eb23dc48008d8a00) Importer(815301076,1909f56bfc062723c751e8b465ee728b)  -> (artifact id: 'fa8aa3103e3e9093823e559baf811ec7') in 0.012359 seconds 
========================================================================
Received Import Request.
  Time since last request: 26.546396 seconds.
  path: Assets/Objects/RoadTile_Intersection.fbx
  artifactKey: Guid(3de64955c68833c4d94e42c4c2af7fc0) Importer(815301076,1909f56bfc062723c751e8b465ee728b)
Start importing Assets/Objects/RoadTile_Intersection.fbx using Guid(3de64955c68833c4d94e42c4c2af7fc0) Importer(815301076,1909f56bfc062723c751e8b465ee728b)  -> (artifact id: '0ac9070826773ba5c5f752489ccc7b11') in 0.028018 seconds 
========================================================================
Received Import Request.
  Time since last request: 101.787234 seconds.
  path: Assets/Objects/RoadTile_Intersection.fbx
  artifactKey: Guid(3de64955c68833c4d94e42c4c2af7fc0) Importer(815301076,1909f56bfc062723c751e8b465ee728b)
Start importing Assets/Objects/RoadTile_Intersection.fbx using Guid(3de64955c68833c4d94e42c4c2af7fc0) Importer(815301076,1909f56bfc062723c751e8b465ee728b)  -> (artifact id: 'fb65bcf980e2280157f3549b23c230e9') in 0.027241 seconds 
========================================================================
Received Import Request.
  Time since last request: 51.363606 seconds.
  path: Assets/Materials/Roads/MAT_Road_Intersection.mat
  artifactKey: Guid(cf717bedba59edc44aa9c3e7c25f738c) Importer(815301076,1909f56bfc062723c751e8b465ee728b)
Start importing Assets/Materials/Roads/MAT_Road_Intersection.mat using Guid(cf717bedba59edc44aa9c3e7c25f738c) Importer(815301076,1909f56bfc062723c751e8b465ee728b)  -> (artifact id: '80086c0675aa00aeb5764a2e67be810e') in 0.012566 seconds 
========================================================================
Received Import Request.
  Time since last request: 23.245068 seconds.
  path: Assets/Objects/RoadTile_Intersection.fbx
  artifactKey: Guid(3de64955c68833c4d94e42c4c2af7fc0) Importer(815301076,1909f56bfc062723c751e8b465ee728b)
Start importing Assets/Objects/RoadTile_Intersection.fbx using Guid(3de64955c68833c4d94e42c4c2af7fc0) Importer(815301076,1909f56bfc062723c751e8b465ee728b)  -> (artifact id: 'b381b7e2fed2d9db1a04b4cda0acd100') in 0.027748 seconds 
========================================================================
Received Import Request.
  Time since last request: 133.212830 seconds.
  path: Assets/Materials/Roads/MAT_Roads_Cross.mat
  artifactKey: Guid(14dd9fe1c8ebd9a45a520905127b5a39) Importer(815301076,1909f56bfc062723c751e8b465ee728b)
Start importing Assets/Materials/Roads/MAT_Roads_Cross.mat using Guid(14dd9fe1c8ebd9a45a520905127b5a39) Importer(815301076,1909f56bfc062723c751e8b465ee728b)  -> (artifact id: 'e95a075ccfc22f2edc1f62a9f55a69d7') in 0.012205 seconds 
========================================================================
Received Import Request.
  Time since last request: 26.689251 seconds.
  path: Assets/Objects/RoadTile_Straight-Crosswalk.fbx
  artifactKey: Guid(1ba14339225e6944e83d55ec8f4c704f) Importer(815301076,1909f56bfc062723c751e8b465ee728b)
Start importing Assets/Objects/RoadTile_Straight-Crosswalk.fbx using Guid(1ba14339225e6944e83d55ec8f4c704f) Importer(815301076,1909f56bfc062723c751e8b465ee728b)  -> (artifact id: '8e19e9b368e031699176f6e76f92eb08') in 0.024499 seconds 
========================================================================
Received Import Request.
  Time since last request: 68.425865 seconds.
  path: Assets/Materials/Roads/MAT_Roads_Straight.mat
  artifactKey: Guid(c12dcb72734a0ae448eac6f763277164) Importer(815301076,1909f56bfc062723c751e8b465ee728b)
Start importing Assets/Materials/Roads/MAT_Roads_Straight.mat using Guid(c12dcb72734a0ae448eac6f763277164) Importer(815301076,1909f56bfc062723c751e8b465ee728b)  -> (artifact id: '5d8ad2f65386a2be2c83f101a603c48b') in 0.012172 seconds 
========================================================================
Received Import Request.
  Time since last request: 19.486392 seconds.
  path: Assets/Materials/Roads/MAT_Road_Cross.mat
  artifactKey: Guid(14dd9fe1c8ebd9a45a520905127b5a39) Importer(815301076,1909f56bfc062723c751e8b465ee728b)
Start importing Assets/Materials/Roads/MAT_Road_Cross.mat using Guid(14dd9fe1c8ebd9a45a520905127b5a39) Importer(815301076,1909f56bfc062723c751e8b465ee728b)  -> (artifact id: '44586e9b0e2586ca547c1963a0aab39e') in 0.011363 seconds 
========================================================================
Received Import Request.
  Time since last request: 5.964997 seconds.
  path: Assets/Materials/Roads/MAT_Road_Straight.mat
  artifactKey: Guid(c12dcb72734a0ae448eac6f763277164) Importer(815301076,1909f56bfc062723c751e8b465ee728b)
Start importing Assets/Materials/Roads/MAT_Road_Straight.mat using Guid(c12dcb72734a0ae448eac6f763277164) Importer(815301076,1909f56bfc062723c751e8b465ee728b)  -> (artifact id: '32150b294ed0fdb1ba33dab12ba687a3') in 0.010905 seconds 
========================================================================
Received Import Request.
  Time since last request: 15.160100 seconds.
  path: Assets/Objects/RoadTile_Straight-Crosswalk.fbx
  artifactKey: Guid(1ba14339225e6944e83d55ec8f4c704f) Importer(815301076,1909f56bfc062723c751e8b465ee728b)
Start importing Assets/Objects/RoadTile_Straight-Crosswalk.fbx using Guid(1ba14339225e6944e83d55ec8f4c704f) Importer(815301076,1909f56bfc062723c751e8b465ee728b)  -> (artifact id: '4a6e1c213684b136f522087fca6c5b82') in 0.023185 seconds 
========================================================================
Received Import Request.
  Time since last request: 26.084121 seconds.
  path: Assets/Objects/RoadTile_Straight.fbx
  artifactKey: Guid(b898cb345877260478e3e1c30f79b5b6) Importer(815301076,1909f56bfc062723c751e8b465ee728b)
Start importing Assets/Objects/RoadTile_Straight.fbx using Guid(b898cb345877260478e3e1c30f79b5b6) Importer(815301076,1909f56bfc062723c751e8b465ee728b)  -> (artifact id: 'd60ffbb15bd7a344abbe683467176c05') in 0.016521 seconds 
========================================================================
Received Import Request.
  Time since last request: 57.089581 seconds.
  path: Assets/Materials/Roads/New Material.mat
  artifactKey: Guid(c5dbc67e78dbe304ea7c5f3880341b16) Importer(815301076,1909f56bfc062723c751e8b465ee728b)
Start importing Assets/Materials/Roads/New Material.mat using Guid(c5dbc67e78dbe304ea7c5f3880341b16) Importer(815301076,1909f56bfc062723c751e8b465ee728b)  -> (artifact id: 'c8e4cf973eb6e8ba421262a2db34c223') in 0.011799 seconds 
========================================================================
Received Import Request.
  Time since last request: 113.129369 seconds.
  path: Assets/Materials/Roads/MAT_Road_T_Intersection.mat
  artifactKey: Guid(c5dbc67e78dbe304ea7c5f3880341b16) Importer(815301076,1909f56bfc062723c751e8b465ee728b)
Start importing Assets/Materials/Roads/MAT_Road_T_Intersection.mat using Guid(c5dbc67e78dbe304ea7c5f3880341b16) Importer(815301076,1909f56bfc062723c751e8b465ee728b)  -> (artifact id: 'cceb9a5dae4a51835dab1dabf11912d6') in 0.010779 seconds 
========================================================================
Received Import Request.
  Time since last request: 3.142149 seconds.
  path: Assets/Objects/RoadTile_T-Intersection.fbx
  artifactKey: Guid(37bb78bcd0ba5ef45a831faac346bb05) Importer(815301076,1909f56bfc062723c751e8b465ee728b)
Start importing Assets/Objects/RoadTile_T-Intersection.fbx using Guid(37bb78bcd0ba5ef45a831faac346bb05) Importer(815301076,1909f56bfc062723c751e8b465ee728b)  -> (artifact id: '9a82f2d6f35fb8a5bbdb57d9feeecd47') in 0.020038 seconds 
========================================================================
Received Import Request.
  Time since last request: 795.556658 seconds.
  path: Assets/Objects/Residential Buildings 001.fbx
  artifactKey: Guid(88e903c856e411b44a0ae8b249a18f68) Importer(815301076,1909f56bfc062723c751e8b465ee728b)
Start importing Assets/Objects/Residential Buildings 001.fbx using Guid(88e903c856e411b44a0ae8b249a18f68) Importer(815301076,1909f56bfc062723c751e8b465ee728b)  -> (artifact id: '550ac7e9cbc8d13f0aac9215cb7ee051') in 0.029010 seconds 
========================================================================
Received Import Request.
  Time since last request: 0.000018 seconds.
  path: Assets/Objects/RoadTile_Straight.fbx
  artifactKey: Guid(b898cb345877260478e3e1c30f79b5b6) Importer(815301076,1909f56bfc062723c751e8b465ee728b)
Start importing Assets/Objects/RoadTile_Straight.fbx using Guid(b898cb345877260478e3e1c30f79b5b6) Importer(815301076,1909f56bfc062723c751e8b465ee728b)  -> (artifact id: 'c8ebd8cc9cda1e27bb6b0963e59109af') in 0.018347 seconds 
========================================================================
Received Import Request.
  Time since last request: 0.000017 seconds.
  path: Assets/Objects/RoadTile_Intersection.fbx
  artifactKey: Guid(3de64955c68833c4d94e42c4c2af7fc0) Importer(815301076,1909f56bfc062723c751e8b465ee728b)
Start importing Assets/Objects/RoadTile_Intersection.fbx using Guid(3de64955c68833c4d94e42c4c2af7fc0) Importer(815301076,1909f56bfc062723c751e8b465ee728b)  -> (artifact id: '79f9c3ab8ad8dcb08599cf0d69f6ba5f') in 0.040099 seconds 
========================================================================
Received Import Request.
  Time since last request: 266.391985 seconds.
  path: Assets/Materials/Roads/MAT_Road_Intersection.mat
  artifactKey: Guid(cf717bedba59edc44aa9c3e7c25f738c) Importer(815301076,1909f56bfc062723c751e8b465ee728b)
Start importing Assets/Materials/Roads/MAT_Road_Intersection.mat using Guid(cf717bedba59edc44aa9c3e7c25f738c) Importer(815301076,1909f56bfc062723c751e8b465ee728b)  -> (artifact id: 'ed37aa224ba7807104d1650a015f855b') in 0.020126 seconds 
========================================================================
Received Import Request.
  Time since last request: 0.000026 seconds.
  path: Assets/Materials/Roads/MAT_RoadTiles.mat
  artifactKey: Guid(3163880fe2c678d488e68eee3593a28e) Importer(815301076,1909f56bfc062723c751e8b465ee728b)
Start importing Assets/Materials/Roads/MAT_RoadTiles.mat using Guid(3163880fe2c678d488e68eee3593a28e) Importer(815301076,1909f56bfc062723c751e8b465ee728b)  -> (artifact id: '3a9817a2cbda15c600493666b53dfc5c') in 0.016335 seconds 
========================================================================
Received Import Request.
  Time since last request: 11.480388 seconds.
  path: Assets/Objects/RoadTile_Curve.fbx
  artifactKey: Guid(d4b69cdfabb10274a93d29f94df2a278) Importer(815301076,1909f56bfc062723c751e8b465ee728b)
Start importing Assets/Objects/RoadTile_Curve.fbx using Guid(d4b69cdfabb10274a93d29f94df2a278) Importer(815301076,1909f56bfc062723c751e8b465ee728b)  -> (artifact id: '63450dbfec2982f387fbea133bb08ff6') in 0.037952 seconds 
========================================================================
Received Import Request.
  Time since last request: 228.475622 seconds.
  path: Assets/Materials/Roads/MAT_Road_Straight_Dotted.mat
  artifactKey: Guid(c12dcb72734a0ae448eac6f763277164) Importer(815301076,1909f56bfc062723c751e8b465ee728b)
Start importing Assets/Materials/Roads/MAT_Road_Straight_Dotted.mat using Guid(c12dcb72734a0ae448eac6f763277164) Importer(815301076,1909f56bfc062723c751e8b465ee728b)  -> (artifact id: '79f9ad596d2995ae70404cc2917bf73f') in 0.012576 seconds 
========================================================================
Received Import Request.
  Time since last request: 16.231827 seconds.
  path: Assets/Materials/Roads/MAT_Road_Straight_Solid.mat
  artifactKey: Guid(3801548576274a1409ee8a2983339a10) Importer(815301076,1909f56bfc062723c751e8b465ee728b)
Start importing Assets/Materials/Roads/MAT_Road_Straight_Solid.mat using Guid(3801548576274a1409ee8a2983339a10) Importer(815301076,1909f56bfc062723c751e8b465ee728b)  -> (artifact id: 'de87294cd95e6e889de36b85849141df') in 0.012615 seconds 
========================================================================
Received Import Request.
  Time since last request: 11.425716 seconds.
  path: Assets/Objects/RoadTile_Curve.fbx
  artifactKey: Guid(d4b69cdfabb10274a93d29f94df2a278) Importer(815301076,1909f56bfc062723c751e8b465ee728b)
Start importing Assets/Objects/RoadTile_Curve.fbx using Guid(d4b69cdfabb10274a93d29f94df2a278) Importer(815301076,1909f56bfc062723c751e8b465ee728b)  -> (artifact id: 'db01e8c14e79b23a629b4536a4844561') in 0.019271 seconds 
