Using pre-set license
Built from '2021.3/staging' branch; Version is '2021.3.11f1 (0a5ca18544bf) revision 679073'; Using compiler version '192829333'; Build Type 'Release'
OS: 'Windows 10  (10.0.19044) 64bit Core' Language: 'en' Physical Memory: 32686 MB
BatchMode: 1, IsHumanControllingUs: 0, StartBugReporterOnCrash: 0, Is64bit: 1, IsPro: 1

COMMAND LINE ARGUMENTS:
C:\Program Files\Unity\Hub\Editor\2021.3.11f1\Editor\Unity.exe
-adb2
-batchMode
-noUpm
-name
AssetImportWorker0
-projectPath
E:/Unity_Projects_E/CMPM_121/HW1
-logFile
Logs/AssetImportWorker0.log
-srvPort
61314
Successfully changed project path to: E:/Unity_Projects_E/CMPM_121/HW1
E:/Unity_Projects_E/CMPM_121/HW1
[UnityMemory] Configuration Parameters - Can be set up in boot.config
    "memorysetup-bucket-allocator-granularity=16"
    "memorysetup-bucket-allocator-bucket-count=8"
    "memorysetup-bucket-allocator-block-size=33554432"
    "memorysetup-bucket-allocator-block-count=8"
    "memorysetup-main-allocator-block-size=16777216"
    "memorysetup-thread-allocator-block-size=16777216"
    "memorysetup-gfx-main-allocator-block-size=16777216"
    "memorysetup-gfx-thread-allocator-block-size=16777216"
    "memorysetup-cache-allocator-block-size=4194304"
    "memorysetup-typetree-allocator-block-size=2097152"
    "memorysetup-profiler-bucket-allocator-granularity=16"
    "memorysetup-profiler-bucket-allocator-bucket-count=8"
    "memorysetup-profiler-bucket-allocator-block-size=33554432"
    "memorysetup-profiler-bucket-allocator-block-count=8"
    "memorysetup-profiler-allocator-block-size=16777216"
    "memorysetup-profiler-editor-allocator-block-size=1048576"
    "memorysetup-temp-allocator-size-main=16777216"
    "memorysetup-job-temp-allocator-block-size=2097152"
    "memorysetup-job-temp-allocator-block-size-background=1048576"
    "memorysetup-job-temp-allocator-reduction-small-platforms=262144"
    "memorysetup-temp-allocator-size-background-worker=32768"
    "memorysetup-temp-allocator-size-job-worker=262144"
    "memorysetup-temp-allocator-size-preload-manager=33554432"
    "memorysetup-temp-allocator-size-nav-mesh-worker=65536"
    "memorysetup-temp-allocator-size-audio-worker=65536"
    "memorysetup-temp-allocator-size-cloud-worker=32768"
    "memorysetup-temp-allocator-size-gi-baking-worker=262144"
    "memorysetup-temp-allocator-size-gfx=262144"
Refreshing native plugins compatible for Editor in 77.26 ms, found 3 plugins.
Preloading 0 native plugins for Editor in 0.00 ms.
Initialize engine version: 2021.3.11f1 (0a5ca18544bf)
[Subsystems] Discovering subsystems at path C:/Program Files/Unity/Hub/Editor/2021.3.11f1/Editor/Data/Resources/UnitySubsystems
[Subsystems] Discovering subsystems at path E:/Unity_Projects_E/CMPM_121/HW1/Assets
GfxDevice: creating device client; threaded=0; jobified=0
Direct3D:
    Version:  Direct3D 11.0 [level 11.1]
    Renderer: NVIDIA GeForce RTX 3090 (ID=0x2204)
    Vendor:   NVIDIA
    VRAM:     24348 MB
    Driver:   30.0.15.1215
Initialize mono
Mono path[0] = 'C:/Program Files/Unity/Hub/Editor/2021.3.11f1/Editor/Data/Managed'
Mono path[1] = 'C:/Program Files/Unity/Hub/Editor/2021.3.11f1/Editor/Data/MonoBleedingEdge/lib/mono/unityjit-win32'
Mono config path = 'C:/Program Files/Unity/Hub/Editor/2021.3.11f1/Editor/Data/MonoBleedingEdge/etc'
Using monoOptions --debugger-agent=transport=dt_socket,embedding=1,server=y,suspend=n,address=127.0.0.1:56536
Begin MonoManager ReloadAssembly
Registering precompiled unity dll's ...
Register platform support module: C:/Program Files/Unity/Hub/Editor/2021.3.11f1/Editor/Data/PlaybackEngines/WebGLSupport/UnityEditor.WebGL.Extensions.dll
Register platform support module: C:/Program Files/Unity/Hub/Editor/2021.3.11f1/Editor/Data/PlaybackEngines/WindowsStandaloneSupport/UnityEditor.WindowsStandalone.Extensions.dll
Registered in 0.007870 seconds.
Native extension for WindowsStandalone target not found
Native extension for WebGL target not found
Refreshing native plugins compatible for Editor in 78.51 ms, found 3 plugins.
Preloading 0 native plugins for Editor in 0.00 ms.
Mono: successfully reloaded assembly
- Completed reload, in  0.614 seconds
Domain Reload Profiling:
	ReloadAssembly (615ms)
		BeginReloadAssembly (65ms)
			ExecutionOrderSort (0ms)
			DisableScriptedObjects (0ms)
			BackupInstance (0ms)
			ReleaseScriptingObjects (0ms)
			CreateAndSetChildDomain (1ms)
		EndReloadAssembly (449ms)
			LoadAssemblies (63ms)
			RebuildTransferFunctionScriptingTraits (0ms)
			SetupTypeCache (93ms)
			ReleaseScriptCaches (0ms)
			RebuildScriptCaches (28ms)
			SetupLoadedEditorAssemblies (282ms)
				LogAssemblyErrors (0ms)
				InitializePlatformSupportModulesInManaged (13ms)
				SetLoadedEditorAssemblies (0ms)
				RefreshPlugins (79ms)
				BeforeProcessingInitializeOnLoad (1ms)
				ProcessInitializeOnLoadAttributes (146ms)
				ProcessInitializeOnLoadMethodAttributes (44ms)
				AfterProcessingInitializeOnLoad (0ms)
				EditorAssembliesLoaded (0ms)
			ExecutionOrderSort2 (0ms)
			AwakeInstancesAfterBackupRestoration (0ms)
Platform modules already initialized, skipping
Registering precompiled user dll's ...
Registered in 0.004814 seconds.
Begin MonoManager ReloadAssembly
Symbol file LoadedFromMemory doesn't match image E:\Unity_Projects_E\CMPM_121\HW1\Library\PackageCache\com.unity.visualscripting@1.7.8\Editor\VisualScripting.Core\Dependencies\YamlDotNet\Unity.VisualScripting.YamlDotNet.dll
Symbol file LoadedFromMemory doesn't match image E:\Unity_Projects_E\CMPM_121\HW1\Library\PackageCache\com.unity.visualscripting@1.7.8\Editor\VisualScripting.Core\Dependencies\DotNetZip\Unity.VisualScripting.IonicZip.dll
Native extension for WindowsStandalone target not found
Native extension for WebGL target not found
Refreshing native plugins compatible for Editor in 0.48 ms, found 3 plugins.
Preloading 0 native plugins for Editor in 0.00 ms.
Mono: successfully reloaded assembly
- Completed reload, in  0.931 seconds
Domain Reload Profiling:
	ReloadAssembly (931ms)
		BeginReloadAssembly (106ms)
			ExecutionOrderSort (0ms)
			DisableScriptedObjects (5ms)
			BackupInstance (0ms)
			ReleaseScriptingObjects (0ms)
			CreateAndSetChildDomain (16ms)
		EndReloadAssembly (727ms)
			LoadAssemblies (73ms)
			RebuildTransferFunctionScriptingTraits (0ms)
			SetupTypeCache (235ms)
			ReleaseScriptCaches (1ms)
			RebuildScriptCaches (46ms)
			SetupLoadedEditorAssemblies (340ms)
				LogAssemblyErrors (0ms)
				InitializePlatformSupportModulesInManaged (7ms)
				SetLoadedEditorAssemblies (0ms)
				RefreshPlugins (1ms)
				BeforeProcessingInitializeOnLoad (79ms)
				ProcessInitializeOnLoadAttributes (214ms)
				ProcessInitializeOnLoadMethodAttributes (31ms)
				AfterProcessingInitializeOnLoad (8ms)
				EditorAssembliesLoaded (0ms)
			ExecutionOrderSort2 (0ms)
			AwakeInstancesAfterBackupRestoration (6ms)
Platform modules already initialized, skipping
========================================================================
Worker process is ready to serve import requests
Launched and connected shader compiler UnityShaderCompiler.exe after 0.04 seconds
Refreshing native plugins compatible for Editor in 0.49 ms, found 3 plugins.
Preloading 0 native plugins for Editor in 0.00 ms.
Unloading 3380 Unused Serialized files (Serialized files now loaded: 0)
Unloading 27 unused Assets / (113.7 KB). Loaded Objects now: 3859.
Memory consumption went from 129.8 MB to 129.7 MB.
Total: 2.425800 ms (FindLiveObjects: 0.228100 ms CreateObjectMapping: 0.187500 ms MarkObjects: 1.919100 ms  DeleteObjects: 0.090300 ms)

AssetImportParameters requested are different than current active one (requested -> active):
  custom:video-decoder-ogg-theora: a1e56fd34408186e4bbccfd4996cb3dc -> 
  custom:container-muxer-webm: aa71ff27fc2769a1b78a27578f13a17b -> 
  custom:container-demuxer-webm: 4f35f7cbe854078d1ac9338744f61a02 -> 
  custom:video-encoder-webm-vp8: eb34c28f22e8b96e1ab97ce403110664 -> 
  custom:video-codec-MediaFoundation-h265: 746d11721c4dcdbdad8f713fa42b33f4 -> 
  custom:audio-encoder-webm-vorbis: bf7c407c2cedff20999df2af8eb42d56 -> 
  custom:framework-win-MediaFoundation: 216162199b28c13a410421893ffa2e32 -> 
  custom:container-demuxer-ogg: 62fdf1f143b41e24485cea50d1cbac27 -> 
  custom:video-decoder-webm-vp8: 9c59270c3fd7afecdb556c50c9e8de78 -> 
  custom:audio-decoder-ogg-vorbis: bf7c407c2cedff20999df2af8eb42d56 -> 
========================================================================
Received Import Request.
  Time since last request: 637508.250616 seconds.
  path: Assets/Mesh/BasketballCourt.fbx
  artifactKey: Guid(ce56751f92359884d8d96183f32d76f4) Importer(815301076,1909f56bfc062723c751e8b465ee728b)
Start importing Assets/Mesh/BasketballCourt.fbx using Guid(ce56751f92359884d8d96183f32d76f4) Importer(815301076,1909f56bfc062723c751e8b465ee728b)  -> (artifact id: '305989bb56e5f14d29413a3882e47466') in 0.335298 seconds 
========================================================================
Received Import Request.
  Time since last request: 8.132374 seconds.
  path: Assets/Mesh/BasketballCourt
  artifactKey: Guid(e6241cc663c4d8d42b31314ccd945c46) Importer(815301076,1909f56bfc062723c751e8b465ee728b)
Start importing Assets/Mesh/BasketballCourt using Guid(e6241cc663c4d8d42b31314ccd945c46) Importer(815301076,1909f56bfc062723c751e8b465ee728b)  -> (artifact id: '791f0acbfd868f8f6fe1569c1cb4d96e') in 0.001314 seconds 
========================================================================
Received Import Request.
  Time since last request: 10.495921 seconds.
  path: Assets/Mesh/CoffeeHouse
  artifactKey: Guid(ab409e107d03640479190b620a8e226b) Importer(815301076,1909f56bfc062723c751e8b465ee728b)
Start importing Assets/Mesh/CoffeeHouse using Guid(ab409e107d03640479190b620a8e226b) Importer(815301076,1909f56bfc062723c751e8b465ee728b)  -> (artifact id: '01210b1851c4e626ab50074c9f04ce46') in 0.004142 seconds 
========================================================================
Received Import Request.
  Time since last request: 5.090852 seconds.
  path: Assets/Mesh/CoffeeHouse/CoffeeHouse.fbx
  artifactKey: Guid(78134e807c563f34d9187f6ad725c920) Importer(815301076,1909f56bfc062723c751e8b465ee728b)
Start importing Assets/Mesh/CoffeeHouse/CoffeeHouse.fbx using Guid(78134e807c563f34d9187f6ad725c920) Importer(815301076,1909f56bfc062723c751e8b465ee728b)  -> (artifact id: '8d34f490173aa00569f45ce4536e481d') in 0.299925 seconds 
========================================================================
Received Import Request.
  Time since last request: 286.118335 seconds.
  path: Assets/Mesh/BurgerShop
  artifactKey: Guid(abbe949bab71f2140923950c48899318) Importer(815301076,1909f56bfc062723c751e8b465ee728b)
Start importing Assets/Mesh/BurgerShop using Guid(abbe949bab71f2140923950c48899318) Importer(815301076,1909f56bfc062723c751e8b465ee728b)  -> (artifact id: 'ffdf19b1c60b19963c757fbcf9456308') in 0.004616 seconds 
========================================================================
Received Import Request.
  Time since last request: 30.580774 seconds.
  path: Assets/Mesh/BurgerShop/BurgerShop.fbx
  artifactKey: Guid(2e64b85d46ddfb444af8f6c0c84a7e1c) Importer(815301076,1909f56bfc062723c751e8b465ee728b)
Start importing Assets/Mesh/BurgerShop/BurgerShop.fbx using Guid(2e64b85d46ddfb444af8f6c0c84a7e1c) Importer(815301076,1909f56bfc062723c751e8b465ee728b)  -> (artifact id: '7868885530d8748020eb43ce6837281b') in 0.359668 seconds 
========================================================================
Received Import Request.
  Time since last request: 267.437354 seconds.
  path: Assets/Mesh/BurgerShop/BurgerShop 1.fbx
  artifactKey: Guid(839d92b35b240c34c9cc48f1bd11bcdc) Importer(815301076,1909f56bfc062723c751e8b465ee728b)
Start importing Assets/Mesh/BurgerShop/BurgerShop 1.fbx using Guid(839d92b35b240c34c9cc48f1bd11bcdc) Importer(815301076,1909f56bfc062723c751e8b465ee728b)  -> (artifact id: '92d2dff142da7f0b936f2a61f8916669') in 0.297549 seconds 
========================================================================
Received Import Request.
  Time since last request: 175.493685 seconds.
  path: Assets/Mesh/BarberShop
  artifactKey: Guid(68d00377e77a97240ab0051732c33f62) Importer(815301076,1909f56bfc062723c751e8b465ee728b)
Start importing Assets/Mesh/BarberShop using Guid(68d00377e77a97240ab0051732c33f62) Importer(815301076,1909f56bfc062723c751e8b465ee728b)  -> (artifact id: '1447e148ca9fd13483804e05c6d56b98') in 0.004343 seconds 
========================================================================
Received Import Request.
  Time since last request: 7.141579 seconds.
  path: Assets/Mesh/BarberShop/BarberShop.fbx
  artifactKey: Guid(9a056e80b05342a4188e1e04838b0510) Importer(815301076,1909f56bfc062723c751e8b465ee728b)
Start importing Assets/Mesh/BarberShop/BarberShop.fbx using Guid(9a056e80b05342a4188e1e04838b0510) Importer(815301076,1909f56bfc062723c751e8b465ee728b)  -> (artifact id: '220505aecb5492719d7233570ff288c8') in 0.335868 seconds 
========================================================================
Received Import Request.
  Time since last request: 1047.195815 seconds.
  path: Assets/Materials/ResidentialBuildings_M/ground1.mat
  artifactKey: Guid(f347f68fb9f1ad048a2e742e7ec4b848) Importer(815301076,1909f56bfc062723c751e8b465ee728b)
Start importing Assets/Materials/ResidentialBuildings_M/ground1.mat using Guid(f347f68fb9f1ad048a2e742e7ec4b848) Importer(815301076,1909f56bfc062723c751e8b465ee728b)  -> (artifact id: 'c31d63a6f819f7ead990c965c0e09163') in 0.016917 seconds 
========================================================================
Received Import Request.
  Time since last request: 20.568871 seconds.
  path: Assets/Textures/RockyPavement/RockyPavementStone1/RockyPavementStone1_Detail_Normal.jpg
  artifactKey: Guid(e453f999f7d32a145b1f7ea0fbca3e47) Importer(815301076,1909f56bfc062723c751e8b465ee728b)
Start importing Assets/Textures/RockyPavement/RockyPavementStone1/RockyPavementStone1_Detail_Normal.jpg using Guid(e453f999f7d32a145b1f7ea0fbca3e47) Importer(815301076,1909f56bfc062723c751e8b465ee728b)  -> (artifact id: '651650754af33e478101ee6c2a1e45dc') in 0.040238 seconds 
========================================================================
Received Import Request.
  Time since last request: 3.830647 seconds.
  path: Assets/Textures/RockyPavement/RockyPavementStone3/RockyPavementStone3_AO.jpg
  artifactKey: Guid(4923ccb50866c6d4a89c146b87485dae) Importer(815301076,1909f56bfc062723c751e8b465ee728b)
Start importing Assets/Textures/RockyPavement/RockyPavementStone3/RockyPavementStone3_AO.jpg using Guid(4923ccb50866c6d4a89c146b87485dae) Importer(815301076,1909f56bfc062723c751e8b465ee728b)  -> (artifact id: '2c890bfccd3b4060486cb7520a7d8406') in 0.025632 seconds 
========================================================================
Received Import Request.
  Time since last request: 0.283138 seconds.
  path: Assets/Textures/RockyPavement/RockyPavementStone3/RockyPavementStone3_Detail_Normal.jpg
  artifactKey: Guid(ebac600bfebe0814288cd1a10b53b170) Importer(815301076,1909f56bfc062723c751e8b465ee728b)
Start importing Assets/Textures/RockyPavement/RockyPavementStone3/RockyPavementStone3_Detail_Normal.jpg using Guid(ebac600bfebe0814288cd1a10b53b170) Importer(815301076,1909f56bfc062723c751e8b465ee728b)  -> (artifact id: 'bd719d43392fdd894a3f6c40cea9fb41') in 0.023797 seconds 
========================================================================
Received Import Request.
  Time since last request: 0.000016 seconds.
  path: Assets/Textures/RockyPavement/RockyPavementStone3/RockyPavementStone3_Glossiness.jpg
  artifactKey: Guid(e70de7391d669a4428d5ec0f711ece28) Importer(815301076,1909f56bfc062723c751e8b465ee728b)
Start importing Assets/Textures/RockyPavement/RockyPavementStone3/RockyPavementStone3_Glossiness.jpg using Guid(e70de7391d669a4428d5ec0f711ece28) Importer(815301076,1909f56bfc062723c751e8b465ee728b)  -> (artifact id: '42755154ed43ddc229a96d539189de57') in 0.031438 seconds 
========================================================================
Received Import Request.
  Time since last request: 0.000025 seconds.
  path: Assets/Textures/RockyPavement/RockyPavementStone3/RockyPavementStone3_Normal.jpg
  artifactKey: Guid(ae618c9f211ff6145957eb040014e61b) Importer(815301076,1909f56bfc062723c751e8b465ee728b)
Start importing Assets/Textures/RockyPavement/RockyPavementStone3/RockyPavementStone3_Normal.jpg using Guid(ae618c9f211ff6145957eb040014e61b) Importer(815301076,1909f56bfc062723c751e8b465ee728b)  -> (artifact id: '659435e170e552f56d8a931feb675fc2') in 0.031975 seconds 
========================================================================
Received Import Request.
  Time since last request: 0.000020 seconds.
  path: Assets/Textures/RockyPavement/RockyPavementStone4/RockyPavementStone4_Curvature.jpg
  artifactKey: Guid(bd2a3c94779ac2947883ed9261570cbf) Importer(815301076,1909f56bfc062723c751e8b465ee728b)
Start importing Assets/Textures/RockyPavement/RockyPavementStone4/RockyPavementStone4_Curvature.jpg using Guid(bd2a3c94779ac2947883ed9261570cbf) Importer(815301076,1909f56bfc062723c751e8b465ee728b)  -> (artifact id: '6bddf2cbb40396bd22bdb367a19b666b') in 0.029785 seconds 
========================================================================
Received Import Request.
  Time since last request: 0.198021 seconds.
  path: Assets/Textures/RockyPavement/RockyPavementStone4/RockyPavementStone4_Detail_Normal.jpg
  artifactKey: Guid(7e2503dbe8e670b479f16cdb482f818e) Importer(815301076,1909f56bfc062723c751e8b465ee728b)
Start importing Assets/Textures/RockyPavement/RockyPavementStone4/RockyPavementStone4_Detail_Normal.jpg using Guid(7e2503dbe8e670b479f16cdb482f818e) Importer(815301076,1909f56bfc062723c751e8b465ee728b)  -> (artifact id: '15c3d918148539104834cbe707242cda') in 0.024421 seconds 
========================================================================
Received Import Request.
  Time since last request: 0.003023 seconds.
  path: Assets/Textures/RockyPavement/RockyPavementStone4/RockyPavementStone4_Normal.jpg
  artifactKey: Guid(41d051609353c3e40a4220ed3181de38) Importer(815301076,1909f56bfc062723c751e8b465ee728b)
Start importing Assets/Textures/RockyPavement/RockyPavementStone4/RockyPavementStone4_Normal.jpg using Guid(41d051609353c3e40a4220ed3181de38) Importer(815301076,1909f56bfc062723c751e8b465ee728b)  -> (artifact id: 'e85b0ec32e3e48829afb7d79bccd0dd6') in 0.036910 seconds 
========================================================================
Received Import Request.
  Time since last request: 0.000029 seconds.
  path: Assets/Textures/RockyPavement/RockyPavementStone4/RockyPavementStone4_Height.jpg
  artifactKey: Guid(84465feeb43b8484dabbe2758386d741) Importer(815301076,1909f56bfc062723c751e8b465ee728b)
Start importing Assets/Textures/RockyPavement/RockyPavementStone4/RockyPavementStone4_Height.jpg using Guid(84465feeb43b8484dabbe2758386d741) Importer(815301076,1909f56bfc062723c751e8b465ee728b)  -> (artifact id: 'cbb26e022f045504de50e2a4adcd3727') in 0.020276 seconds 
========================================================================
Received Import Request.
  Time since last request: 0.000021 seconds.
  path: Assets/Textures/RockyPavement/RockyPavementStone4/RockyPavementStone4_Roughness.jpg
  artifactKey: Guid(714eb879167eb2c41a3eb6147c5ad4bd) Importer(815301076,1909f56bfc062723c751e8b465ee728b)
Start importing Assets/Textures/RockyPavement/RockyPavementStone4/RockyPavementStone4_Roughness.jpg using Guid(714eb879167eb2c41a3eb6147c5ad4bd) Importer(815301076,1909f56bfc062723c751e8b465ee728b)  -> (artifact id: '169bff70091a177772a725833b49a1e7') in 0.020114 seconds 
========================================================================
Received Import Request.
  Time since last request: 0.000016 seconds.
  path: Assets/Textures/RockyPavement/RockyPavementStone5/RockyPavementStone5_Detail_Normal.jpg
  artifactKey: Guid(115dd394ea6a22140936741b54ed71d6) Importer(815301076,1909f56bfc062723c751e8b465ee728b)
Start importing Assets/Textures/RockyPavement/RockyPavementStone5/RockyPavementStone5_Detail_Normal.jpg using Guid(115dd394ea6a22140936741b54ed71d6) Importer(815301076,1909f56bfc062723c751e8b465ee728b)  -> (artifact id: '7bc10639043e637ede0836470279843e') in 0.084024 seconds 
========================================================================
Received Import Request.
  Time since last request: 0.268764 seconds.
  path: Assets/Textures/RockyPavement/RockyPavementStone5/RockyPavementStone5_Normal.jpg
  artifactKey: Guid(2fb7688c5f5adf2469cace14b9f28742) Importer(815301076,1909f56bfc062723c751e8b465ee728b)
Start importing Assets/Textures/RockyPavement/RockyPavementStone5/RockyPavementStone5_Normal.jpg using Guid(2fb7688c5f5adf2469cace14b9f28742) Importer(815301076,1909f56bfc062723c751e8b465ee728b)  -> (artifact id: '8b473e67a3319d7bc16db5e4711a8fa0') in 0.021274 seconds 
========================================================================
Received Import Request.
  Time since last request: 0.000015 seconds.
  path: Assets/Textures/RockyPavement/RockyPavementStone6/RockyPavementStone6_AO.jpg
  artifactKey: Guid(2bd61594463461c419166d9d82885ce6) Importer(815301076,1909f56bfc062723c751e8b465ee728b)
Start importing Assets/Textures/RockyPavement/RockyPavementStone6/RockyPavementStone6_AO.jpg using Guid(2bd61594463461c419166d9d82885ce6) Importer(815301076,1909f56bfc062723c751e8b465ee728b)  -> (artifact id: 'f5a1b377ba9f6a9d72090e50c8d43d35') in 0.029702 seconds 
========================================================================
Received Import Request.
  Time since last request: 0.002905 seconds.
  path: Assets/Textures/RockyPavement/RockyPavementStone6/RockyPavementStone6_Detail_Normal.jpg
  artifactKey: Guid(d93cd0207fb439c4b99dd61864df653d) Importer(815301076,1909f56bfc062723c751e8b465ee728b)
Start importing Assets/Textures/RockyPavement/RockyPavementStone6/RockyPavementStone6_Detail_Normal.jpg using Guid(d93cd0207fb439c4b99dd61864df653d) Importer(815301076,1909f56bfc062723c751e8b465ee728b)  -> (artifact id: 'd0eefdf32c20f9307e59557d7f3e80d0') in 0.018571 seconds 
========================================================================
Received Import Request.
  Time since last request: 0.000016 seconds.
  path: Assets/Textures/RockyPavement/RockyPavementStone6/RockyPavementStone6_Glossiness.jpg
  artifactKey: Guid(115e9162c90f06047b4fa6d254b0906d) Importer(815301076,1909f56bfc062723c751e8b465ee728b)
Start importing Assets/Textures/RockyPavement/RockyPavementStone6/RockyPavementStone6_Glossiness.jpg using Guid(115e9162c90f06047b4fa6d254b0906d) Importer(815301076,1909f56bfc062723c751e8b465ee728b)  -> (artifact id: '6f7699f4da65b41be9861d3e1c81f495') in 0.017529 seconds 
========================================================================
Received Import Request.
  Time since last request: 0.308114 seconds.
  path: Assets/Textures/RockyPavement/RockyPavementStone6/RockyPavementStone6_Normal.jpg
  artifactKey: Guid(1821712b456d1ad499eeb133bd9f51ce) Importer(815301076,1909f56bfc062723c751e8b465ee728b)
Start importing Assets/Textures/RockyPavement/RockyPavementStone6/RockyPavementStone6_Normal.jpg using Guid(1821712b456d1ad499eeb133bd9f51ce) Importer(815301076,1909f56bfc062723c751e8b465ee728b)  -> (artifact id: '0657c4aba5444c726e46fc867b7c8039') in 0.024158 seconds 
Editor requested this worker to shutdown with reason: Scaling down because of idle timeout
AssetImportWorker is now disconnected from the server
Process exiting
Exiting without the bug reporter. Application will terminate with return code 0